{"/home/travis/build/npmtest/node-npmtest-eventric/test.js":{"path":"/home/travis/build/npmtest/node-npmtest-eventric/test.js","s":{"1":2,"2":2,"3":2,"4":2,"5":2,"6":2,"7":2,"8":1,"9":2,"10":2,"11":1,"12":1,"13":1,"14":1,"15":2,"16":2,"17":2,"18":2,"19":1,"20":1,"21":2,"22":2,"23":2,"24":1,"25":1,"26":1,"27":1,"28":1,"29":1,"30":1,"31":1,"32":1,"33":1,"34":1,"35":1,"36":1,"37":1,"38":1,"39":2,"40":2,"41":1,"42":2,"43":2,"44":1,"45":2,"46":2,"47":1,"48":2,"49":2,"50":1,"51":1,"52":1,"53":1,"54":1},"b":{"1":[2,1,1,1],"2":[1,1,1,1],"3":[1,1],"4":[1,1],"5":[1,1],"6":[1,1],"7":[1,1],"8":[1,1],"9":[1,1],"10":[1,1,1],"11":[1,1],"12":[1,1],"13":[1,1],"14":[1,1],"15":[1,1],"16":[1,1],"17":[1,1]},"f":{"1":2,"2":2,"3":2,"4":2,"5":2,"6":1,"7":1,"8":1,"9":2,"10":2,"11":2,"12":2,"13":1},"fnMap":{"1":{"name":"(anonymous_1)","line":12,"loc":{"start":{"line":12,"column":1},"end":{"line":12,"column":13}}},"2":{"name":"(anonymous_2)","line":19,"loc":{"start":{"line":19,"column":5},"end":{"line":19,"column":17}}},"3":{"name":"(anonymous_3)","line":23,"loc":{"start":{"line":23,"column":24},"end":{"line":23,"column":36}}},"4":{"name":"(anonymous_4)","line":61,"loc":{"start":{"line":61,"column":5},"end":{"line":61,"column":17}}},"5":{"name":"(anonymous_5)","line":82,"loc":{"start":{"line":82,"column":5},"end":{"line":82,"column":17}}},"6":{"name":"(anonymous_6)","line":91,"loc":{"start":{"line":91,"column":77},"end":{"line":94,"column":10}}},"7":{"name":"(anonymous_7)","line":112,"loc":{"start":{"line":112,"column":83},"end":{"line":115,"column":10}},"skip":true},"8":{"name":"(anonymous_8)","line":123,"loc":{"start":{"line":123,"column":77},"end":{"line":126,"column":10}},"skip":true},"9":{"name":"(anonymous_9)","line":139,"loc":{"start":{"line":139,"column":12},"end":{"line":139,"column":40}},"skip":true},"10":{"name":"(anonymous_10)","line":147,"loc":{"start":{"line":147,"column":77},"end":{"line":150,"column":10}},"skip":true},"11":{"name":"(anonymous_11)","line":158,"loc":{"start":{"line":158,"column":83},"end":{"line":161,"column":10}},"skip":true},"12":{"name":"(anonymous_12)","line":169,"loc":{"start":{"line":169,"column":79},"end":{"line":172,"column":10}},"skip":true},"13":{"name":"(anonymous_13)","line":180,"loc":{"start":{"line":180,"column":75},"end":{"line":183,"column":10}},"skip":true}},"statementMap":{"1":{"start":{"line":12,"column":0},"end":{"line":195,"column":5}},"2":{"start":{"line":14,"column":4},"end":{"line":14,"column":14}},"3":{"start":{"line":19,"column":4},"end":{"line":56,"column":9}},"4":{"start":{"line":21,"column":8},"end":{"line":21,"column":19}},"5":{"start":{"line":23,"column":8},"end":{"line":35,"column":13}},"6":{"start":{"line":24,"column":12},"end":{"line":34,"column":13}},"7":{"start":{"line":25,"column":16},"end":{"line":28,"column":30}},"8":{"start":{"line":30,"column":16},"end":{"line":33,"column":27}},"9":{"start":{"line":37,"column":8},"end":{"line":39,"column":21}},"10":{"start":{"line":40,"column":8},"end":{"line":53,"column":9}},"11":{"start":{"line":43,"column":12},"end":{"line":46,"column":14}},"12":{"start":{"line":47,"column":12},"end":{"line":47,"column":18}},"13":{"start":{"line":50,"column":12},"end":{"line":51,"column":46}},"14":{"start":{"line":52,"column":12},"end":{"line":52,"column":18}},"15":{"start":{"line":55,"column":8},"end":{"line":55,"column":35}},"16":{"start":{"line":61,"column":4},"end":{"line":63,"column":9}},"17":{"start":{"line":62,"column":8},"end":{"line":62,"column":15}},"18":{"start":{"line":64,"column":4},"end":{"line":77,"column":5}},"19":{"start":{"line":70,"column":8},"end":{"line":70,"column":14}},"20":{"start":{"line":76,"column":8},"end":{"line":76,"column":14}},"21":{"start":{"line":82,"column":4},"end":{"line":84,"column":9}},"22":{"start":{"line":83,"column":8},"end":{"line":83,"column":15}},"23":{"start":{"line":85,"column":4},"end":{"line":194,"column":5}},"24":{"start":{"line":91,"column":8},"end":{"line":99,"column":10}},"25":{"start":{"line":98,"column":12},"end":{"line":98,"column":35}},"26":{"start":{"line":102,"column":8},"end":{"line":104,"column":63}},"27":{"start":{"line":105,"column":8},"end":{"line":105,"column":14}},"28":{"start":{"line":112,"column":8},"end":{"line":121,"column":10},"skip":true},"29":{"start":{"line":119,"column":12},"end":{"line":119,"column":55},"skip":true},"30":{"start":{"line":120,"column":12},"end":{"line":120,"column":48},"skip":true},"31":{"start":{"line":123,"column":8},"end":{"line":136,"column":10},"skip":true},"32":{"start":{"line":130,"column":12},"end":{"line":130,"column":76},"skip":true},"33":{"start":{"line":131,"column":12},"end":{"line":131,"column":73},"skip":true},"34":{"start":{"line":132,"column":12},"end":{"line":132,"column":74},"skip":true},"35":{"start":{"line":133,"column":12},"end":{"line":133,"column":79},"skip":true},"36":{"start":{"line":134,"column":12},"end":{"line":134,"column":25},"skip":true},"37":{"start":{"line":135,"column":12},"end":{"line":135,"column":45},"skip":true},"38":{"start":{"line":138,"column":8},"end":{"line":145,"column":14},"skip":true},"39":{"start":{"line":143,"column":16},"end":{"line":143,"column":29},"skip":true},"40":{"start":{"line":144,"column":16},"end":{"line":144,"column":55},"skip":true},"41":{"start":{"line":147,"column":8},"end":{"line":156,"column":10},"skip":true},"42":{"start":{"line":154,"column":12},"end":{"line":154,"column":25},"skip":true},"43":{"start":{"line":155,"column":12},"end":{"line":155,"column":45},"skip":true},"44":{"start":{"line":158,"column":8},"end":{"line":167,"column":10},"skip":true},"45":{"start":{"line":165,"column":12},"end":{"line":165,"column":25},"skip":true},"46":{"start":{"line":166,"column":12},"end":{"line":166,"column":48},"skip":true},"47":{"start":{"line":169,"column":8},"end":{"line":178,"column":10},"skip":true},"48":{"start":{"line":176,"column":12},"end":{"line":176,"column":25},"skip":true},"49":{"start":{"line":177,"column":12},"end":{"line":177,"column":46},"skip":true},"50":{"start":{"line":180,"column":8},"end":{"line":189,"column":10},"skip":true},"51":{"start":{"line":187,"column":12},"end":{"line":187,"column":94},"skip":true},"52":{"start":{"line":188,"column":12},"end":{"line":188,"column":48},"skip":true},"53":{"start":{"line":192,"column":8},"end":{"line":192,"column":35},"skip":true},"54":{"start":{"line":193,"column":8},"end":{"line":193,"column":14},"skip":true}},"branchMap":{"1":{"line":25,"type":"binary-expr","locations":[{"start":{"line":25,"column":23},"end":{"line":25,"column":62}},{"start":{"line":26,"column":20},"end":{"line":26,"column":70}},{"start":{"line":27,"column":20},"end":{"line":27,"column":71}},{"start":{"line":28,"column":20},"end":{"line":28,"column":29}}]},"2":{"line":30,"type":"binary-expr","locations":[{"start":{"line":30,"column":23},"end":{"line":30,"column":37}},{"start":{"line":31,"column":20},"end":{"line":31,"column":61}},{"start":{"line":32,"column":20},"end":{"line":32,"column":70}},{"start":{"line":33,"column":20},"end":{"line":33,"column":26}}]},"3":{"line":37,"type":"cond-expr","locations":[{"start":{"line":38,"column":14},"end":{"line":38,"column":20}},{"start":{"line":39,"column":14},"end":{"line":39,"column":20}}]},"4":{"line":40,"type":"switch","locations":[{"start":{"line":42,"column":8},"end":{"line":47,"column":18}},{"start":{"line":49,"column":8},"end":{"line":52,"column":18}}]},"5":{"line":44,"type":"binary-expr","locations":[{"start":{"line":44,"column":16},"end":{"line":44,"column":44}},{"start":{"line":44,"column":48},"end":{"line":44,"column":66}}]},"6":{"line":50,"type":"binary-expr","locations":[{"start":{"line":50,"column":21},"end":{"line":50,"column":49}},{"start":{"line":50,"column":53},"end":{"line":50,"column":72}}]},"7":{"line":64,"type":"switch","locations":[{"start":{"line":69,"column":4},"end":{"line":70,"column":14}},{"start":{"line":75,"column":4},"end":{"line":76,"column":14}}]},"8":{"line":85,"type":"switch","locations":[{"start":{"line":90,"column":4},"end":{"line":105,"column":14}},{"start":{"line":111,"column":4},"end":{"line":193,"column":14},"skip":true}]},"9":{"line":91,"type":"binary-expr","locations":[{"start":{"line":91,"column":42},"end":{"line":91,"column":73}},{"start":{"line":91,"column":77},"end":{"line":99,"column":9}}]},"10":{"line":102,"type":"binary-expr","locations":[{"start":{"line":102,"column":18},"end":{"line":102,"column":32}},{"start":{"line":103,"column":12},"end":{"line":103,"column":53}},{"start":{"line":104,"column":12},"end":{"line":104,"column":61}}]},"11":{"line":112,"type":"binary-expr","locations":[{"start":{"line":112,"column":45},"end":{"line":112,"column":79},"skip":true},{"start":{"line":112,"column":83},"end":{"line":121,"column":9},"skip":true}]},"12":{"line":123,"type":"binary-expr","locations":[{"start":{"line":123,"column":42},"end":{"line":123,"column":73},"skip":true},{"start":{"line":123,"column":77},"end":{"line":136,"column":9},"skip":true}]},"13":{"line":138,"type":"binary-expr","locations":[{"start":{"line":138,"column":48},"end":{"line":138,"column":85},"skip":true},{"start":{"line":139,"column":12},"end":{"line":145,"column":13},"skip":true}]},"14":{"line":147,"type":"binary-expr","locations":[{"start":{"line":147,"column":42},"end":{"line":147,"column":73},"skip":true},{"start":{"line":147,"column":77},"end":{"line":156,"column":9},"skip":true}]},"15":{"line":158,"type":"binary-expr","locations":[{"start":{"line":158,"column":45},"end":{"line":158,"column":79},"skip":true},{"start":{"line":158,"column":83},"end":{"line":167,"column":9},"skip":true}]},"16":{"line":169,"type":"binary-expr","locations":[{"start":{"line":169,"column":43},"end":{"line":169,"column":75},"skip":true},{"start":{"line":169,"column":79},"end":{"line":178,"column":9},"skip":true}]},"17":{"line":180,"type":"binary-expr","locations":[{"start":{"line":180,"column":41},"end":{"line":180,"column":71},"skip":true},{"start":{"line":180,"column":75},"end":{"line":189,"column":9},"skip":true}]}},"code":["/* istanbul instrument in package npmtest_eventric */","/*jslint","    bitwise: true,","    browser: true,","    maxerr: 8,","    maxlen: 96,","    node: true,","    nomen: true,","    regexp: true,","    stupid: true","*/","(function () {","    'use strict';","    var local;","","","","    // run shared js-env code - pre-init","    (function () {","        // init local","        local = {};","        // init modeJs","        local.modeJs = (function () {","            try {","                return typeof navigator.userAgent === 'string' &&","                    typeof document.querySelector('body') === 'object' &&","                    typeof XMLHttpRequest.prototype.open === 'function' &&","                    'browser';","            } catch (errorCaughtBrowser) {","                return module.exports &&","                    typeof process.versions.node === 'string' &&","                    typeof require('http').createServer === 'function' &&","                    'node';","            }","        }());","        // init global","        local.global = local.modeJs === 'browser'","            ? window","            : global;","        switch (local.modeJs) {","        // re-init local from window.local","        case 'browser':","            local = local.global.utility2.objectSetDefault(","                local.global.utility2_rollup || local.global.local,","                local.global.utility2","            );","            break;","        // re-init local from example.js","        case 'node':","            local = (local.global.utility2_rollup || require('utility2'))","                .requireExampleJsFromReadme();","            break;","        }","        // export local","        local.global.local = local;","    }());","","","","    // run shared js-env code - function","    (function () {","        return;","    }());","    switch (local.modeJs) {","","","","    // run browser js-env code - function","    case 'browser':","        break;","","","","    // run node js-env code - function","    case 'node':","        break;","    }","","","","    // run shared js-env code - post-init","    (function () {","        return;","    }());","    switch (local.modeJs) {","","","","    // run browser js-env code - post-init","    case 'browser':","        local.testCase_browser_nullCase = local.testCase_browser_nullCase || function (","            options,","            onError","        ) {","        /*","         * this function will test browsers's null-case handling-behavior-behavior","         */","            onError(null, options);","        };","","        // run tests","        local.nop(local.modeTest &&","            document.querySelector('#testRunButton1') &&","            document.querySelector('#testRunButton1').click());","        break;","","","","    // run node js-env code - post-init","    /* istanbul ignore next */","    case 'node':","        local.testCase_buildApidoc_default = local.testCase_buildApidoc_default || function (","            options,","            onError","        ) {","        /*","         * this function will test buildApidoc's default handling-behavior-behavior","         */","            options = { modulePathList: module.paths };","            local.buildApidoc(options, onError);","        };","","        local.testCase_buildApp_default = local.testCase_buildApp_default || function (","            options,","            onError","        ) {","        /*","         * this function will test buildApp's default handling-behavior-behavior","         */","            local.testCase_buildReadme_default(options, local.onErrorThrow);","            local.testCase_buildLib_default(options, local.onErrorThrow);","            local.testCase_buildTest_default(options, local.onErrorThrow);","            local.testCase_buildCustomOrg_default(options, local.onErrorThrow);","            options = [];","            local.buildApp(options, onError);","        };","","        local.testCase_buildCustomOrg_default = local.testCase_buildCustomOrg_default ||","            function (options, onError) {","            /*","             * this function will test buildCustomOrg's default handling-behavior","             */","                options = {};","                local.buildCustomOrg(options, onError);","            };","","        local.testCase_buildLib_default = local.testCase_buildLib_default || function (","            options,","            onError","        ) {","        /*","         * this function will test buildLib's default handling-behavior","         */","            options = {};","            local.buildLib(options, onError);","        };","","        local.testCase_buildReadme_default = local.testCase_buildReadme_default || function (","            options,","            onError","        ) {","        /*","         * this function will test buildReadme's default handling-behavior-behavior","         */","            options = {};","            local.buildReadme(options, onError);","        };","","        local.testCase_buildTest_default = local.testCase_buildTest_default || function (","            options,","            onError","        ) {","        /*","         * this function will test buildTest's default handling-behavior","         */","            options = {};","            local.buildTest(options, onError);","        };","","        local.testCase_webpage_default = local.testCase_webpage_default || function (","            options,","            onError","        ) {","        /*","         * this function will test webpage's default handling-behavior","         */","            options = { modeCoverageMerge: true, url: local.serverLocalHost + '?modeTest=1' };","            local.browserTest(options, onError);","        };","","        // run test-server","        local.testRunServer(local);","        break;","    }","}());",""],"l":{"12":2,"14":2,"19":2,"21":2,"23":2,"24":2,"25":2,"30":1,"37":2,"40":2,"43":1,"47":1,"50":1,"52":1,"55":2,"61":2,"62":2,"64":2,"70":1,"76":1,"82":2,"83":2,"85":2,"91":1,"98":1,"102":1,"105":1,"112":1,"119":1,"120":1,"123":1,"130":1,"131":1,"132":1,"133":1,"134":1,"135":1,"138":1,"143":2,"144":2,"147":1,"154":2,"155":2,"158":1,"165":2,"166":2,"169":1,"176":2,"177":2,"180":1,"187":1,"188":1,"192":1,"193":1}},"/home/travis/build/npmtest/node-npmtest-eventric/lib.npmtest_eventric.js":{"path":"/home/travis/build/npmtest/node-npmtest-eventric/lib.npmtest_eventric.js","s":{"1":2,"2":2,"3":2,"4":2,"5":2,"6":2,"7":2,"8":1,"9":2,"10":2,"11":2,"12":2,"13":1,"14":1,"15":1,"16":1},"b":{"1":[2,1,1,1],"2":[1,1,1,1],"3":[1,1],"4":[2,2],"5":[1,1]},"f":{"1":2,"2":2,"3":2},"fnMap":{"1":{"name":"(anonymous_1)","line":12,"loc":{"start":{"line":12,"column":1},"end":{"line":12,"column":13}}},"2":{"name":"(anonymous_2)","line":19,"loc":{"start":{"line":19,"column":5},"end":{"line":19,"column":17}}},"3":{"name":"(anonymous_3)","line":23,"loc":{"start":{"line":23,"column":24},"end":{"line":23,"column":36}}}},"statementMap":{"1":{"start":{"line":12,"column":0},"end":{"line":53,"column":5}},"2":{"start":{"line":14,"column":4},"end":{"line":14,"column":14}},"3":{"start":{"line":19,"column":4},"end":{"line":52,"column":9}},"4":{"start":{"line":21,"column":8},"end":{"line":21,"column":19}},"5":{"start":{"line":23,"column":8},"end":{"line":35,"column":13}},"6":{"start":{"line":24,"column":12},"end":{"line":34,"column":13}},"7":{"start":{"line":25,"column":16},"end":{"line":28,"column":30}},"8":{"start":{"line":30,"column":16},"end":{"line":33,"column":27}},"9":{"start":{"line":37,"column":8},"end":{"line":39,"column":21}},"10":{"start":{"line":41,"column":8},"end":{"line":41,"column":54}},"11":{"start":{"line":43,"column":8},"end":{"line":43,"column":53}},"12":{"start":{"line":45,"column":8},"end":{"line":51,"column":9}},"13":{"start":{"line":46,"column":12},"end":{"line":46,"column":59}},"14":{"start":{"line":48,"column":12},"end":{"line":48,"column":35}},"15":{"start":{"line":49,"column":12},"end":{"line":49,"column":49}},"16":{"start":{"line":50,"column":12},"end":{"line":50,"column":43}}},"branchMap":{"1":{"line":25,"type":"binary-expr","locations":[{"start":{"line":25,"column":23},"end":{"line":25,"column":62}},{"start":{"line":26,"column":20},"end":{"line":26,"column":70}},{"start":{"line":27,"column":20},"end":{"line":27,"column":71}},{"start":{"line":28,"column":20},"end":{"line":28,"column":29}}]},"2":{"line":30,"type":"binary-expr","locations":[{"start":{"line":30,"column":23},"end":{"line":30,"column":37}},{"start":{"line":31,"column":20},"end":{"line":31,"column":61}},{"start":{"line":32,"column":20},"end":{"line":32,"column":70}},{"start":{"line":33,"column":20},"end":{"line":33,"column":26}}]},"3":{"line":37,"type":"cond-expr","locations":[{"start":{"line":38,"column":14},"end":{"line":38,"column":20}},{"start":{"line":39,"column":14},"end":{"line":39,"column":20}}]},"4":{"line":41,"type":"binary-expr","locations":[{"start":{"line":41,"column":16},"end":{"line":41,"column":44}},{"start":{"line":41,"column":48},"end":{"line":41,"column":53}}]},"5":{"line":45,"type":"if","locations":[{"start":{"line":45,"column":8},"end":{"line":45,"column":8}},{"start":{"line":45,"column":8},"end":{"line":45,"column":8}}]}},"code":["/* istanbul instrument in package npmtest_eventric */","/*jslint","    bitwise: true,","    browser: true,","    maxerr: 8,","    maxlen: 96,","    node: true,","    nomen: true,","    regexp: true,","    stupid: true","*/","(function () {","    'use strict';","    var local;","","","","    // run shared js-env code - pre-init","    (function () {","        // init local","        local = {};","        // init modeJs","        local.modeJs = (function () {","            try {","                return typeof navigator.userAgent === 'string' &&","                    typeof document.querySelector('body') === 'object' &&","                    typeof XMLHttpRequest.prototype.open === 'function' &&","                    'browser';","            } catch (errorCaughtBrowser) {","                return module.exports &&","                    typeof process.versions.node === 'string' &&","                    typeof require('http').createServer === 'function' &&","                    'node';","            }","        }());","        // init global","        local.global = local.modeJs === 'browser'","            ? window","            : global;","        // init utility2_rollup","        local = local.global.utility2_rollup || local;","        // init lib","        local.local = local.npmtest_eventric = local;","        // init exports","        if (local.modeJs === 'browser') {","            local.global.utility2_npmtest_eventric = local;","        } else {","            module.exports = local;","            module.exports.__dirname = __dirname;","            module.exports.module = module;","        }","    }());","}());",""],"l":{"12":2,"14":2,"19":2,"21":2,"23":2,"24":2,"25":2,"30":1,"37":2,"41":2,"43":2,"45":2,"46":1,"48":1,"49":1,"50":1}},"/home/travis/build/npmtest/node-npmtest-eventric/example.js":{"path":"/home/travis/build/npmtest/node-npmtest-eventric/example.js","s":{"1":2,"2":2,"3":2,"4":2,"5":2,"6":2,"7":2,"8":1,"9":2,"10":2,"11":2,"12":2,"13":1,"14":2,"15":2,"16":2,"17":2,"18":2,"19":0,"20":2,"21":1,"22":1,"23":1,"24":1,"25":1,"26":0,"27":0,"28":1,"29":1,"30":2,"31":0,"32":0,"33":0,"34":1,"35":2,"36":2,"37":3,"38":3,"39":3,"40":3,"41":0,"42":3,"43":3,"44":3,"45":1,"46":3,"47":1,"48":1,"49":1,"50":1,"51":1,"52":1,"53":1,"54":1,"55":1,"56":1,"57":0,"58":1,"59":6,"60":6,"61":1,"62":2,"63":0,"64":2,"65":1,"66":1,"67":0,"68":0,"69":0,"70":0,"71":0,"72":0,"73":0,"74":0,"75":0,"76":0,"77":0,"78":0,"79":0,"80":0,"81":0,"82":0,"83":0},"b":{"1":[2,1,1,1],"2":[1,1,1,1],"3":[1,1],"4":[2,2],"5":[1,1],"6":[1,1],"7":[2,0],"8":[2,1,1,1,1,1],"9":[0,2,0],"10":[1,1],"11":[2,1,1],"12":[1,0],"13":[0,2],"14":[2,0,0,0,0,0,0],"15":[0,3],"16":[3,0],"17":[1,1],"18":[0,1],"19":[1,2,0,2],"20":[1,0],"21":[1,1],"22":[0,0],"23":[0,0],"24":[0,0],"25":[0,0],"26":[0,0],"27":[0,0],"28":[0,0]},"f":{"1":2,"2":2,"3":2,"4":2,"5":2,"6":2,"7":3,"8":3,"9":3,"10":1,"11":6,"12":0},"fnMap":{"1":{"name":"(anonymous_1)","line":26,"loc":{"start":{"line":26,"column":1},"end":{"line":26,"column":13}}},"2":{"name":"(anonymous_2)","line":33,"loc":{"start":{"line":33,"column":5},"end":{"line":33,"column":17}}},"3":{"name":"(anonymous_3)","line":37,"loc":{"start":{"line":37,"column":24},"end":{"line":37,"column":36}}},"4":{"name":"(anonymous_4)","line":69,"loc":{"start":{"line":69,"column":31},"end":{"line":69,"column":48}},"skip":true},"5":{"name":"(anonymous_5)","line":78,"loc":{"start":{"line":78,"column":26},"end":{"line":78,"column":45}},"skip":true},"6":{"name":"(anonymous_6)","line":123,"loc":{"start":{"line":123,"column":33},"end":{"line":123,"column":48}},"skip":true},"7":{"name":"(anonymous_7)","line":125,"loc":{"start":{"line":125,"column":27},"end":{"line":125,"column":39}},"skip":true},"8":{"name":"(anonymous_8)","line":133,"loc":{"start":{"line":133,"column":59},"end":{"line":133,"column":74}},"skip":true},"9":{"name":"(anonymous_9)","line":143,"loc":{"start":{"line":143,"column":45},"end":{"line":143,"column":62}},"skip":true},"10":{"name":"(anonymous_10)","line":144,"loc":{"start":{"line":144,"column":73},"end":{"line":144,"column":92}},"skip":true},"11":{"name":"(anonymous_11)","line":272,"loc":{"start":{"line":272,"column":51},"end":{"line":272,"column":77}},"skip":true},"12":{"name":"(anonymous_12)","line":315,"loc":{"start":{"line":315,"column":32},"end":{"line":315,"column":61}},"skip":true}},"statementMap":{"1":{"start":{"line":26,"column":0},"end":{"line":326,"column":5}},"2":{"start":{"line":28,"column":4},"end":{"line":28,"column":14}},"3":{"start":{"line":33,"column":4},"end":{"line":60,"column":9}},"4":{"start":{"line":35,"column":8},"end":{"line":35,"column":19}},"5":{"start":{"line":37,"column":8},"end":{"line":49,"column":13}},"6":{"start":{"line":38,"column":12},"end":{"line":48,"column":13}},"7":{"start":{"line":39,"column":16},"end":{"line":42,"column":30}},"8":{"start":{"line":44,"column":16},"end":{"line":47,"column":27}},"9":{"start":{"line":51,"column":8},"end":{"line":53,"column":21}},"10":{"start":{"line":55,"column":8},"end":{"line":57,"column":45}},"11":{"start":{"line":59,"column":8},"end":{"line":59,"column":35}},"12":{"start":{"line":61,"column":4},"end":{"line":325,"column":5}},"13":{"start":{"line":69,"column":8},"end":{"line":121,"column":10},"skip":true},"14":{"start":{"line":70,"column":12},"end":{"line":88,"column":13},"skip":true},"15":{"start":{"line":76,"column":16},"end":{"line":87,"column":19},"skip":true},"16":{"start":{"line":79,"column":20},"end":{"line":86,"column":21},"skip":true},"17":{"start":{"line":82,"column":24},"end":{"line":82,"column":43},"skip":true},"18":{"start":{"line":83,"column":24},"end":{"line":83,"column":30},"skip":true},"19":{"start":{"line":85,"column":24},"end":{"line":85,"column":49},"skip":true},"20":{"start":{"line":89,"column":12},"end":{"line":107,"column":13},"skip":true},"21":{"start":{"line":92,"column":16},"end":{"line":102,"column":17},"skip":true},"22":{"start":{"line":93,"column":20},"end":{"line":93,"column":86},"skip":true},"23":{"start":{"line":94,"column":20},"end":{"line":95,"column":45},"skip":true},"24":{"start":{"line":96,"column":20},"end":{"line":96,"column":42},"skip":true},"25":{"start":{"line":97,"column":20},"end":{"line":97,"column":48},"skip":true},"26":{"start":{"line":100,"column":20},"end":{"line":100,"column":85},"skip":true},"27":{"start":{"line":101,"column":20},"end":{"line":101,"column":96},"skip":true},"28":{"start":{"line":103,"column":16},"end":{"line":103,"column":22},"skip":true},"29":{"start":{"line":106,"column":16},"end":{"line":106,"column":22},"skip":true},"30":{"start":{"line":108,"column":12},"end":{"line":120,"column":13},"skip":true},"31":{"start":{"line":114,"column":16},"end":{"line":119,"column":17},"skip":true},"32":{"start":{"line":116,"column":20},"end":{"line":116,"column":78},"skip":true},"33":{"start":{"line":118,"column":20},"end":{"line":118,"column":47},"skip":true},"34":{"start":{"line":123,"column":8},"end":{"line":141,"column":11},"skip":true},"35":{"start":{"line":124,"column":12},"end":{"line":124,"column":54},"skip":true},"36":{"start":{"line":125,"column":12},"end":{"line":140,"column":14},"skip":true},"37":{"start":{"line":126,"column":16},"end":{"line":126,"column":28},"skip":true},"38":{"start":{"line":127,"column":16},"end":{"line":127,"column":69},"skip":true},"39":{"start":{"line":128,"column":16},"end":{"line":128,"column":75},"skip":true},"40":{"start":{"line":129,"column":16},"end":{"line":131,"column":17},"skip":true},"41":{"start":{"line":130,"column":20},"end":{"line":130,"column":27},"skip":true},"42":{"start":{"line":133,"column":16},"end":{"line":137,"column":36},"skip":true},"43":{"start":{"line":134,"column":20},"end":{"line":136,"column":55},"skip":true},"44":{"start":{"line":139,"column":16},"end":{"line":139,"column":57},"skip":true},"45":{"start":{"line":143,"column":8},"end":{"line":147,"column":11},"skip":true},"46":{"start":{"line":144,"column":12},"end":{"line":146,"column":15},"skip":true},"47":{"start":{"line":145,"column":16},"end":{"line":145,"column":70},"skip":true},"48":{"start":{"line":149,"column":8},"end":{"line":149,"column":31},"skip":true},"49":{"start":{"line":150,"column":8},"end":{"line":150,"column":14},"skip":true},"50":{"start":{"line":158,"column":8},"end":{"line":158,"column":31},"skip":true},"51":{"start":{"line":160,"column":8},"end":{"line":160,"column":33},"skip":true},"52":{"start":{"line":161,"column":8},"end":{"line":161,"column":37},"skip":true},"53":{"start":{"line":162,"column":8},"end":{"line":162,"column":35},"skip":true},"54":{"start":{"line":164,"column":8},"end":{"line":164,"column":50},"skip":true},"55":{"start":{"line":166,"column":8},"end":{"line":256,"column":2},"skip":true},"56":{"start":{"line":258,"column":8},"end":{"line":286,"column":9},"skip":true},"57":{"start":{"line":259,"column":12},"end":{"line":269,"column":14},"skip":true},"58":{"start":{"line":271,"column":12},"end":{"line":285,"column":19},"skip":true},"59":{"start":{"line":274,"column":20},"end":{"line":274,"column":35},"skip":true},"60":{"start":{"line":275,"column":20},"end":{"line":284,"column":21},"skip":true},"61":{"start":{"line":277,"column":24},"end":{"line":277,"column":64},"skip":true},"62":{"start":{"line":279,"column":24},"end":{"line":279,"column":40},"skip":true},"63":{"start":{"line":281,"column":24},"end":{"line":281,"column":40},"skip":true},"64":{"start":{"line":283,"column":24},"end":{"line":283,"column":39},"skip":true},"65":{"start":{"line":288,"column":8},"end":{"line":290,"column":9},"skip":true},"66":{"start":{"line":289,"column":12},"end":{"line":289,"column":18},"skip":true},"67":{"start":{"line":291,"column":8},"end":{"line":293,"column":54},"skip":true},"68":{"start":{"line":296,"column":8},"end":{"line":301,"column":37},"skip":true},"69":{"start":{"line":303,"column":8},"end":{"line":303,"column":82},"skip":true},"70":{"start":{"line":306,"column":8},"end":{"line":308,"column":9},"skip":true},"71":{"start":{"line":307,"column":12},"end":{"line":307,"column":82},"skip":true},"72":{"start":{"line":310,"column":8},"end":{"line":312,"column":9},"skip":true},"73":{"start":{"line":311,"column":12},"end":{"line":311,"column":18},"skip":true},"74":{"start":{"line":313,"column":8},"end":{"line":313,"column":54},"skip":true},"75":{"start":{"line":314,"column":8},"end":{"line":314,"column":69},"skip":true},"76":{"start":{"line":315,"column":8},"end":{"line":323,"column":36},"skip":true},"77":{"start":{"line":316,"column":12},"end":{"line":316,"column":61},"skip":true},"78":{"start":{"line":317,"column":12},"end":{"line":320,"column":13},"skip":true},"79":{"start":{"line":318,"column":16},"end":{"line":318,"column":75},"skip":true},"80":{"start":{"line":319,"column":16},"end":{"line":319,"column":23},"skip":true},"81":{"start":{"line":321,"column":12},"end":{"line":321,"column":38},"skip":true},"82":{"start":{"line":322,"column":12},"end":{"line":322,"column":27},"skip":true},"83":{"start":{"line":324,"column":8},"end":{"line":324,"column":14},"skip":true}},"branchMap":{"1":{"line":39,"type":"binary-expr","locations":[{"start":{"line":39,"column":23},"end":{"line":39,"column":62}},{"start":{"line":40,"column":20},"end":{"line":40,"column":70}},{"start":{"line":41,"column":20},"end":{"line":41,"column":71}},{"start":{"line":42,"column":20},"end":{"line":42,"column":29}}]},"2":{"line":44,"type":"binary-expr","locations":[{"start":{"line":44,"column":23},"end":{"line":44,"column":37}},{"start":{"line":45,"column":20},"end":{"line":45,"column":61}},{"start":{"line":46,"column":20},"end":{"line":46,"column":70}},{"start":{"line":47,"column":20},"end":{"line":47,"column":26}}]},"3":{"line":51,"type":"cond-expr","locations":[{"start":{"line":52,"column":14},"end":{"line":52,"column":20}},{"start":{"line":53,"column":14},"end":{"line":53,"column":20}}]},"4":{"line":55,"type":"binary-expr","locations":[{"start":{"line":55,"column":16},"end":{"line":55,"column":44}},{"start":{"line":55,"column":49},"end":{"line":57,"column":43}}]},"5":{"line":55,"type":"cond-expr","locations":[{"start":{"line":56,"column":14},"end":{"line":56,"column":52}},{"start":{"line":57,"column":14},"end":{"line":57,"column":43}}]},"6":{"line":61,"type":"switch","locations":[{"start":{"line":68,"column":4},"end":{"line":150,"column":14},"skip":true},{"start":{"line":156,"column":4},"end":{"line":324,"column":14},"skip":true}]},"7":{"line":70,"type":"if","locations":[{"start":{"line":70,"column":12},"end":{"line":70,"column":12},"skip":true},{"start":{"line":70,"column":12},"end":{"line":70,"column":12},"skip":true}]},"8":{"line":70,"type":"binary-expr","locations":[{"start":{"line":70,"column":16},"end":{"line":70,"column":22},"skip":true},{"start":{"line":70,"column":27},"end":{"line":70,"column":32},"skip":true},{"start":{"line":71,"column":20},"end":{"line":71,"column":39},"skip":true},{"start":{"line":72,"column":20},"end":{"line":72,"column":49},"skip":true},{"start":{"line":73,"column":20},"end":{"line":73,"column":58},"skip":true},{"start":{"line":74,"column":20},"end":{"line":74,"column":69},"skip":true}]},"9":{"line":79,"type":"switch","locations":[{"start":{"line":80,"column":20},"end":{"line":80,"column":33},"skip":true},{"start":{"line":81,"column":20},"end":{"line":83,"column":30},"skip":true},{"start":{"line":84,"column":20},"end":{"line":85,"column":49},"skip":true}]},"10":{"line":89,"type":"switch","locations":[{"start":{"line":90,"column":12},"end":{"line":103,"column":22},"skip":true},{"start":{"line":105,"column":12},"end":{"line":106,"column":22},"skip":true}]},"11":{"line":89,"type":"binary-expr","locations":[{"start":{"line":89,"column":20},"end":{"line":89,"column":25},"skip":true},{"start":{"line":89,"column":29},"end":{"line":89,"column":48},"skip":true},{"start":{"line":89,"column":52},"end":{"line":89,"column":74},"skip":true}]},"12":{"line":92,"type":"if","locations":[{"start":{"line":92,"column":16},"end":{"line":92,"column":16},"skip":true},{"start":{"line":92,"column":16},"end":{"line":92,"column":16},"skip":true}]},"13":{"line":108,"type":"if","locations":[{"start":{"line":108,"column":12},"end":{"line":108,"column":12},"skip":true},{"start":{"line":108,"column":12},"end":{"line":108,"column":12},"skip":true}]},"14":{"line":108,"type":"binary-expr","locations":[{"start":{"line":108,"column":16},"end":{"line":108,"column":61},"skip":true},{"start":{"line":108,"column":66},"end":{"line":108,"column":72},"skip":true},{"start":{"line":108,"column":77},"end":{"line":108,"column":82},"skip":true},{"start":{"line":109,"column":20},"end":{"line":109,"column":39},"skip":true},{"start":{"line":110,"column":20},"end":{"line":110,"column":49},"skip":true},{"start":{"line":111,"column":20},"end":{"line":111,"column":58},"skip":true},{"start":{"line":112,"column":20},"end":{"line":112,"column":68},"skip":true}]},"15":{"line":129,"type":"if","locations":[{"start":{"line":129,"column":16},"end":{"line":129,"column":16},"skip":true},{"start":{"line":129,"column":16},"end":{"line":129,"column":16},"skip":true}]},"16":{"line":134,"type":"cond-expr","locations":[{"start":{"line":135,"column":26},"end":{"line":135,"column":29},"skip":true},{"start":{"line":136,"column":26},"end":{"line":136,"column":54},"skip":true}]},"17":{"line":164,"type":"binary-expr","locations":[{"start":{"line":164,"column":27},"end":{"line":164,"column":43},"skip":true},{"start":{"line":164,"column":47},"end":{"line":164,"column":49},"skip":true}]},"18":{"line":258,"type":"if","locations":[{"start":{"line":258,"column":8},"end":{"line":258,"column":8},"skip":true},{"start":{"line":258,"column":8},"end":{"line":258,"column":8},"skip":true}]},"19":{"line":275,"type":"switch","locations":[{"start":{"line":276,"column":20},"end":{"line":277,"column":64},"skip":true},{"start":{"line":278,"column":20},"end":{"line":279,"column":40},"skip":true},{"start":{"line":280,"column":20},"end":{"line":281,"column":40},"skip":true},{"start":{"line":282,"column":20},"end":{"line":283,"column":39},"skip":true}]},"20":{"line":288,"type":"if","locations":[{"start":{"line":288,"column":8},"end":{"line":288,"column":8},"skip":true},{"start":{"line":288,"column":8},"end":{"line":288,"column":8},"skip":true}]},"21":{"line":288,"type":"binary-expr","locations":[{"start":{"line":288,"column":12},"end":{"line":288,"column":40},"skip":true},{"start":{"line":288,"column":44},"end":{"line":288,"column":67},"skip":true}]},"22":{"line":292,"type":"binary-expr","locations":[{"start":{"line":292,"column":12},"end":{"line":292,"column":50},"skip":true},{"start":{"line":293,"column":12},"end":{"line":293,"column":53},"skip":true}]},"23":{"line":297,"type":"binary-expr","locations":[{"start":{"line":297,"column":12},"end":{"line":297,"column":66},"skip":true},{"start":{"line":298,"column":12},"end":{"line":301,"column":36},"skip":true}]},"24":{"line":303,"type":"binary-expr","locations":[{"start":{"line":303,"column":43},"end":{"line":303,"column":75},"skip":true},{"start":{"line":303,"column":79},"end":{"line":303,"column":81},"skip":true}]},"25":{"line":306,"type":"if","locations":[{"start":{"line":306,"column":8},"end":{"line":306,"column":8},"skip":true},{"start":{"line":306,"column":8},"end":{"line":306,"column":8},"skip":true}]},"26":{"line":310,"type":"if","locations":[{"start":{"line":310,"column":8},"end":{"line":310,"column":8},"skip":true},{"start":{"line":310,"column":8},"end":{"line":310,"column":8},"skip":true}]},"27":{"line":313,"type":"binary-expr","locations":[{"start":{"line":313,"column":27},"end":{"line":313,"column":43},"skip":true},{"start":{"line":313,"column":47},"end":{"line":313,"column":53},"skip":true}]},"28":{"line":317,"type":"if","locations":[{"start":{"line":317,"column":12},"end":{"line":317,"column":12},"skip":true},{"start":{"line":317,"column":12},"end":{"line":317,"column":12},"skip":true}]}},"code":["/*","example.js","","quickstart example","","instruction","    1. save this script as example.js","    2. run the shell command:","        $ npm install npmtest-eventric && PORT=8081 node example.js","    3. play with the browser-demo on http://127.0.0.1:8081","*/","","","","/* istanbul instrument in package npmtest_eventric */","/*jslint","    bitwise: true,","    browser: true,","    maxerr: 8,","    maxlen: 96,","    node: true,","    nomen: true,","    regexp: true,","    stupid: true","*/","(function () {","    'use strict';","    var local;","","","","    // run shared js-env code - pre-init","    (function () {","        // init local","        local = {};","        // init modeJs","        local.modeJs = (function () {","            try {","                return typeof navigator.userAgent === 'string' &&","                    typeof document.querySelector('body') === 'object' &&","                    typeof XMLHttpRequest.prototype.open === 'function' &&","                    'browser';","            } catch (errorCaughtBrowser) {","                return module.exports &&","                    typeof process.versions.node === 'string' &&","                    typeof require('http').createServer === 'function' &&","                    'node';","            }","        }());","        // init global","        local.global = local.modeJs === 'browser'","            ? window","            : global;","        // init utility2_rollup","        local = local.global.utility2_rollup || (local.modeJs === 'browser'","            ? local.global.utility2_npmtest_eventric","            : global.utility2_moduleExports);","        // export local","        local.global.local = local;","    }());","    switch (local.modeJs) {","","","","    // post-init","    // run browser js-env code - post-init","    /* istanbul ignore next */","    case 'browser':","        local.testRunBrowser = function (event) {","            if (!event || (event &&","                    event.currentTarget &&","                    event.currentTarget.className &&","                    event.currentTarget.className.includes &&","                    event.currentTarget.className.includes('onreset'))) {","                // reset output","                Array.from(","                    document.querySelectorAll('body > .resettable')","                ).forEach(function (element) {","                    switch (element.tagName) {","                    case 'INPUT':","                    case 'TEXTAREA':","                        element.value = '';","                        break;","                    default:","                        element.textContent = '';","                    }","                });","            }","            switch (event && event.currentTarget && event.currentTarget.id) {","            case 'testRunButton1':","                // show tests","                if (document.querySelector('#testReportDiv1').style.display === 'none') {","                    document.querySelector('#testReportDiv1').style.display = 'block';","                    document.querySelector('#testRunButton1').textContent =","                        'hide internal test';","                    local.modeTest = true;","                    local.testRunDefault(local);","                // hide tests","                } else {","                    document.querySelector('#testReportDiv1').style.display = 'none';","                    document.querySelector('#testRunButton1').textContent = 'run internal test';","                }","                break;","            // custom-case","            default:","                break;","            }","            if (document.querySelector('#inputTextareaEval1') && (!event || (event &&","                    event.currentTarget &&","                    event.currentTarget.className &&","                    event.currentTarget.className.includes &&","                    event.currentTarget.className.includes('oneval')))) {","                // try to eval input-code","                try {","                    /*jslint evil: true*/","                    eval(document.querySelector('#inputTextareaEval1').value);","                } catch (errorCaught) {","                    console.error(errorCaught);","                }","            }","        };","        // log stderr and stdout to #outputTextareaStdout1","        ['error', 'log'].forEach(function (key) {","            console[key + '_original'] = console[key];","            console[key] = function () {","                var element;","                console[key + '_original'].apply(console, arguments);","                element = document.querySelector('#outputTextareaStdout1');","                if (!element) {","                    return;","                }","                // append text to #outputTextareaStdout1","                element.value += Array.from(arguments).map(function (arg) {","                    return typeof arg === 'string'","                        ? arg","                        : JSON.stringify(arg, null, 4);","                }).join(' ') + '\\n';","                // scroll textarea to bottom","                element.scrollTop = element.scrollHeight;","            };","        });","        // init event-handling","        ['change', 'click', 'keyup'].forEach(function (event) {","            Array.from(document.querySelectorAll('.on' + event)).forEach(function (element) {","                element.addEventListener(event, local.testRunBrowser);","            });","        });","        // run tests","        local.testRunBrowser();","        break;","","","","    // run node js-env code - post-init","    /* istanbul ignore next */","    case 'node':","        // export local","        module.exports = local;","        // require modules","        local.fs = require('fs');","        local.http = require('http');","        local.url = require('url');","        // init assets","        local.assetsDict = local.assetsDict || {};","        /* jslint-ignore-begin */","        local.assetsDict['/assets.index.template.html'] = '\\","<!doctype html>\\n\\","<html lang=\"en\">\\n\\","<head>\\n\\","<meta charset=\"UTF-8\">\\n\\","<meta name=\"viewport\" content=\"width=device-width, initial-scale=1\">\\n\\","<title>{{env.npm_package_name}} (v{{env.npm_package_version}})</title>\\n\\","<style>\\n\\","/*csslint\\n\\","    box-sizing: false,\\n\\","    universal-selector: false\\n\\","*/\\n\\","* {\\n\\","    box-sizing: border-box;\\n\\","}\\n\\","body {\\n\\","    background: #dde;\\n\\","    font-family: Arial, Helvetica, sans-serif;\\n\\","    margin: 2rem;\\n\\","}\\n\\","body > * {\\n\\","    margin-bottom: 1rem;\\n\\","}\\n\\",".utility2FooterDiv {\\n\\","    margin-top: 20px;\\n\\","    text-align: center;\\n\\","}\\n\\","</style>\\n\\","<style>\\n\\","/*csslint\\n\\","*/\\n\\","textarea {\\n\\","    font-family: monospace;\\n\\","    height: 10rem;\\n\\","    width: 100%;\\n\\","}\\n\\","textarea[readonly] {\\n\\","    background: #ddd;\\n\\","}\\n\\","</style>\\n\\","</head>\\n\\","<body>\\n\\","<!-- utility2-comment\\n\\","<div id=\"ajaxProgressDiv1\" style=\"background: #d00; height: 2px; left: 0; margin: 0; padding: 0; position: fixed; top: 0; transition: background 0.5s, width 1.5s; width: 25%;\"></div>\\n\\","utility2-comment -->\\n\\","<h1>\\n\\","<!-- utility2-comment\\n\\","    <a\\n\\","        {{#if env.npm_package_homepage}}\\n\\","        href=\"{{env.npm_package_homepage}}\"\\n\\","        {{/if env.npm_package_homepage}}\\n\\","        target=\"_blank\"\\n\\","    >\\n\\","utility2-comment -->\\n\\","        {{env.npm_package_name}} (v{{env.npm_package_version}})\\n\\","<!-- utility2-comment\\n\\","    </a>\\n\\","utility2-comment -->\\n\\","</h1>\\n\\","<h3>{{env.npm_package_description}}</h3>\\n\\","<!-- utility2-comment\\n\\","<h4><a download href=\"assets.app.js\">download standalone app</a></h4>\\n\\","<button class=\"onclick onreset\" id=\"testRunButton1\">run internal test</button><br>\\n\\","<div id=\"testReportDiv1\" style=\"display: none;\"></div>\\n\\","utility2-comment -->\\n\\","\\n\\","\\n\\","\\n\\","<label>stderr and stdout</label>\\n\\","<textarea class=\"resettable\" id=\"outputTextareaStdout1\" readonly></textarea>\\n\\","<!-- utility2-comment\\n\\","{{#if isRollup}}\\n\\","<script src=\"assets.app.js\"></script>\\n\\","{{#unless isRollup}}\\n\\","utility2-comment -->\\n\\","<script src=\"assets.utility2.rollup.js\"></script>\\n\\","<script src=\"jsonp.utility2._stateInit?callback=window.utility2._stateInit\"></script>\\n\\","<script src=\"assets.npmtest_eventric.rollup.js\"></script>\\n\\","<script src=\"assets.example.js\"></script>\\n\\","<script src=\"assets.test.js\"></script>\\n\\","<!-- utility2-comment\\n\\","{{/if isRollup}}\\n\\","utility2-comment -->\\n\\","<div class=\"utility2FooterDiv\">\\n\\","    [ this app was created with\\n\\","    <a href=\"https://github.com/kaizhu256/node-utility2\" target=\"_blank\">utility2</a>\\n\\","    ]\\n\\","</div>\\n\\","</body>\\n\\","</html>\\n\\","';","        /* jslint-ignore-end */","        if (local.templateRender) {","            local.assetsDict['/'] = local.templateRender(","                local.assetsDict['/assets.index.template.html'],","                {","                    env: local.objectSetDefault(local.env, {","                        npm_package_description: 'the greatest app in the world!',","                        npm_package_name: 'my-app',","                        npm_package_nameAlias: 'my_app',","                        npm_package_version: '0.0.1'","                    })","                }","            );","        } else {","            local.assetsDict['/'] = local.assetsDict['/assets.index.template.html']","                .replace((/\\{\\{env\\.(\\w+?)\\}\\}/g), function (match0, match1) {","                    // jslint-hack","                    String(match0);","                    switch (match1) {","                    case 'npm_package_description':","                        return 'the greatest app in the world!';","                    case 'npm_package_name':","                        return 'my-app';","                    case 'npm_package_nameAlias':","                        return 'my_app';","                    case 'npm_package_version':","                        return '0.0.1';","                    }","                });","        }","        // run the cli","        if (local.global.utility2_rollup || module !== require.main) {","            break;","        }","        local.assetsDict['/assets.example.js'] =","            local.assetsDict['/assets.example.js'] ||","            local.fs.readFileSync(__filename, 'utf8');","        // bug-workaround - long $npm_package_buildCustomOrg","        /* jslint-ignore-begin */","        local.assetsDict['/assets.npmtest_eventric.rollup.js'] =","            local.assetsDict['/assets.npmtest_eventric.rollup.js'] ||","            local.fs.readFileSync(","                local.npmtest_eventric.__dirname + '/lib.npmtest_eventric.js',","                'utf8'","            ).replace((/^#!/), '//');","        /* jslint-ignore-end */","        local.assetsDict['/favicon.ico'] = local.assetsDict['/favicon.ico'] || '';","        // if $npm_config_timeout_exit exists,","        // then exit this process after $npm_config_timeout_exit ms","        if (Number(process.env.npm_config_timeout_exit)) {","            setTimeout(process.exit, Number(process.env.npm_config_timeout_exit));","        }","        // start server","        if (local.global.utility2_serverHttp1) {","            break;","        }","        process.env.PORT = process.env.PORT || '8081';","        console.error('server starting on port ' + process.env.PORT);","        local.http.createServer(function (request, response) {","            request.urlParsed = local.url.parse(request.url);","            if (local.assetsDict[request.urlParsed.pathname] !== undefined) {","                response.end(local.assetsDict[request.urlParsed.pathname]);","                return;","            }","            response.statusCode = 404;","            response.end();","        }).listen(process.env.PORT);","        break;","    }","}());",""],"l":{"26":2,"28":2,"33":2,"35":2,"37":2,"38":2,"39":2,"44":1,"51":2,"55":2,"59":2,"61":2,"69":1,"70":2,"76":2,"79":2,"82":2,"83":2,"85":1,"89":2,"92":1,"93":1,"94":1,"96":1,"97":1,"100":1,"101":1,"103":1,"106":1,"108":2,"114":1,"116":1,"118":1,"123":1,"124":2,"125":2,"126":3,"127":3,"128":3,"129":3,"130":1,"133":3,"134":3,"139":3,"143":1,"144":3,"145":1,"149":1,"150":1,"158":1,"160":1,"161":1,"162":1,"164":1,"166":1,"258":1,"259":1,"271":1,"274":6,"275":6,"277":1,"279":2,"281":1,"283":2,"288":1,"289":1,"291":1,"296":1,"303":1,"306":1,"307":1,"310":1,"311":1,"313":1,"314":1,"315":1,"316":1,"317":1,"318":1,"319":1,"321":1,"322":1,"324":1}},"/home/travis/build/npmtest/node-npmtest-eventric/node_modules/eventric/dist/release/eventric.js":{"path":"/home/travis/build/npmtest/node-npmtest-eventric/node_modules/eventric/dist/release/eventric.js","s":{"1":1,"2":1,"3":1,"4":0,"5":0,"6":0,"7":0,"8":0,"9":1,"10":1,"11":1,"12":27,"13":4,"14":23,"15":23,"16":23,"17":23,"18":1,"19":1,"20":1,"21":1,"22":1,"23":1,"24":1,"25":0,"26":1,"27":1,"28":1,"29":1,"30":1,"31":1,"32":1,"33":1,"34":1,"35":1,"36":1,"37":1,"38":1,"39":1,"40":1,"41":1,"42":1,"43":1,"44":1,"45":1,"46":1,"47":1,"48":1,"49":1,"50":0,"51":1,"52":0,"53":1,"54":0,"55":1,"56":1,"57":0,"58":1,"59":1,"60":0,"61":1,"62":0,"63":0,"64":0,"65":0,"66":0,"67":0,"68":0,"69":0,"70":0,"71":1,"72":0,"73":0,"74":0,"75":0,"76":0,"77":0,"78":0,"79":0,"80":0,"81":0,"82":0,"83":0,"84":0,"85":0,"86":0,"87":0,"88":0,"89":1,"90":0,"91":1,"92":0,"93":1,"94":0,"95":1,"96":0,"97":0,"98":0,"99":0,"100":0,"101":0,"102":0,"103":0,"104":0,"105":1,"106":1,"107":1,"108":1,"109":0,"110":1,"111":0,"112":0,"113":0,"114":0,"115":0,"116":0,"117":0,"118":0,"119":0,"120":0,"121":0,"122":0,"123":0,"124":0,"125":0,"126":0,"127":0,"128":0,"129":0,"130":0,"131":1,"132":0,"133":0,"134":0,"135":0,"136":0,"137":0,"138":0,"139":0,"140":1,"141":1,"142":1,"143":1,"144":0,"145":0,"146":1,"147":1,"148":1,"149":1,"150":0,"151":0,"152":0,"153":0,"154":0,"155":0,"156":0,"157":0,"158":0,"159":0,"160":0,"161":0,"162":0,"163":0,"164":0,"165":0,"166":0,"167":0,"168":0,"169":0,"170":0,"171":0,"172":1,"173":0,"174":0,"175":0,"176":0,"177":0,"178":0,"179":0,"180":0,"181":0,"182":0,"183":0,"184":0,"185":1,"186":0,"187":0,"188":0,"189":0,"190":0,"191":0,"192":1,"193":0,"194":0,"195":0,"196":0,"197":0,"198":0,"199":0,"200":1,"201":0,"202":0,"203":1,"204":0,"205":0,"206":0,"207":0,"208":0,"209":1,"210":0,"211":0,"212":0,"213":0,"214":0,"215":1,"216":0,"217":0,"218":0,"219":0,"220":0,"221":1,"222":0,"223":0,"224":1,"225":0,"226":0,"227":0,"228":0,"229":0,"230":1,"231":0,"232":0,"233":0,"234":0,"235":0,"236":1,"237":0,"238":0,"239":0,"240":0,"241":0,"242":0,"243":1,"244":0,"245":0,"246":0,"247":0,"248":0,"249":1,"250":0,"251":1,"252":0,"253":0,"254":1,"255":0,"256":1,"257":0,"258":1,"259":0,"260":1,"261":0,"262":1,"263":0,"264":0,"265":0,"266":0,"267":0,"268":0,"269":0,"270":0,"271":0,"272":0,"273":1,"274":0,"275":0,"276":0,"277":0,"278":0,"279":0,"280":0,"281":0,"282":0,"283":0,"284":1,"285":0,"286":0,"287":0,"288":0,"289":0,"290":0,"291":0,"292":0,"293":0,"294":0,"295":0,"296":0,"297":0,"298":0,"299":0,"300":0,"301":0,"302":0,"303":0,"304":0,"305":0,"306":0,"307":0,"308":0,"309":0,"310":1,"311":0,"312":0,"313":0,"314":1,"315":0,"316":0,"317":0,"318":0,"319":0,"320":0,"321":0,"322":0,"323":0,"324":0,"325":0,"326":0,"327":0,"328":0,"329":0,"330":0,"331":0,"332":1,"333":0,"334":0,"335":0,"336":1,"337":0,"338":1,"339":0,"340":0,"341":0,"342":0,"343":0,"344":0,"345":1,"346":0,"347":0,"348":0,"349":0,"350":0,"351":0,"352":0,"353":0,"354":0,"355":0,"356":0,"357":0,"358":0,"359":0,"360":0,"361":0,"362":0,"363":0,"364":0,"365":1,"366":0,"367":0,"368":1,"369":0,"370":0,"371":0,"372":0,"373":0,"374":1,"375":1,"376":1,"377":1,"378":0,"379":0,"380":1,"381":1,"382":1,"383":1,"384":1,"385":0,"386":0,"387":0,"388":0,"389":0,"390":0,"391":0,"392":0,"393":1,"394":0,"395":0,"396":0,"397":0,"398":0,"399":0,"400":0,"401":0,"402":0,"403":0,"404":0,"405":0,"406":0,"407":0,"408":0,"409":0,"410":0,"411":0,"412":0,"413":0,"414":0,"415":0,"416":0,"417":0,"418":0,"419":1,"420":0,"421":0,"422":0,"423":0,"424":0,"425":0,"426":0,"427":0,"428":0,"429":0,"430":0,"431":0,"432":0,"433":0,"434":1,"435":0,"436":0,"437":0,"438":1,"439":0,"440":0,"441":0,"442":0,"443":0,"444":0,"445":0,"446":0,"447":0,"448":0,"449":0,"450":0,"451":0,"452":0,"453":0,"454":0,"455":0,"456":0,"457":0,"458":0,"459":1,"460":1,"461":1,"462":1,"463":0,"464":0,"465":1,"466":1,"467":1,"468":0,"469":0,"470":0,"471":0,"472":0,"473":0,"474":1,"475":0,"476":0,"477":1,"478":0,"479":0,"480":0,"481":0,"482":0,"483":1,"484":0,"485":0,"486":0,"487":0,"488":0,"489":0,"490":0,"491":1,"492":0,"493":0,"494":1,"495":0,"496":1,"497":0,"498":0,"499":0,"500":0,"501":0,"502":0,"503":1,"504":0,"505":1,"506":1,"507":1,"508":1,"509":1,"510":1,"511":0,"512":0,"513":0,"514":0,"515":0,"516":0,"517":1,"518":1,"519":1,"520":1,"521":1,"522":1,"523":1,"524":1,"525":0,"526":0,"527":0,"528":0,"529":0,"530":0,"531":0,"532":0,"533":0,"534":1,"535":1,"536":1,"537":1,"538":1,"539":1,"540":0,"541":0,"542":1,"543":1,"544":0,"545":0,"546":0,"547":0,"548":0,"549":1,"550":0,"551":0,"552":0,"553":0,"554":0,"555":0,"556":0,"557":0,"558":0,"559":0,"560":0,"561":0,"562":0,"563":0,"564":0,"565":0,"566":0,"567":0,"568":0,"569":0,"570":0,"571":0,"572":0,"573":0,"574":0,"575":0,"576":0,"577":0,"578":0,"579":0,"580":0,"581":0,"582":0,"583":0,"584":0,"585":0,"586":0,"587":0,"588":0,"589":0,"590":0,"591":0,"592":0,"593":0,"594":0,"595":0,"596":0,"597":0,"598":0,"599":0,"600":0,"601":0,"602":0,"603":0,"604":0,"605":0,"606":0,"607":0,"608":0,"609":0,"610":0,"611":0,"612":0,"613":0,"614":0,"615":0,"616":0,"617":0,"618":0,"619":0,"620":0,"621":0,"622":0,"623":1,"624":0,"625":0,"626":0,"627":1,"628":1,"629":1,"630":1,"631":1,"632":0,"633":0,"634":0,"635":0,"636":1,"637":0,"638":0,"639":0,"640":0,"641":0,"642":0,"643":0,"644":0,"645":0,"646":0,"647":0,"648":0,"649":0,"650":0,"651":0,"652":0,"653":0,"654":0,"655":0,"656":0,"657":0,"658":0,"659":0,"660":0,"661":0,"662":1,"663":0,"664":0,"665":0,"666":0,"667":0,"668":1,"669":0,"670":0,"671":0,"672":0,"673":0,"674":0,"675":0,"676":0,"677":0,"678":1,"679":0,"680":0,"681":0,"682":0,"683":0,"684":0,"685":0,"686":0,"687":0,"688":0,"689":0,"690":0,"691":0,"692":0,"693":1,"694":0,"695":0,"696":0,"697":0,"698":0,"699":0,"700":0,"701":0,"702":0,"703":0,"704":0,"705":0,"706":0,"707":0,"708":1,"709":0,"710":0,"711":0,"712":0,"713":0,"714":1,"715":0,"716":1,"717":0,"718":0,"719":0,"720":0,"721":0,"722":0,"723":0,"724":0,"725":0,"726":0,"727":0,"728":0,"729":0,"730":1,"731":1,"732":1,"733":1,"734":1,"735":1,"736":1,"737":0,"738":0,"739":0,"740":0,"741":0,"742":0,"743":0,"744":0,"745":0,"746":1,"747":0,"748":0,"749":0,"750":0,"751":1,"752":0,"753":1,"754":0,"755":1,"756":0,"757":1,"758":0,"759":1,"760":0,"761":1,"762":0,"763":0,"764":1,"765":0,"766":1,"767":0,"768":1,"769":1,"770":1,"771":1,"772":1,"773":0,"774":0,"775":0,"776":0,"777":0,"778":1,"779":1,"780":1,"781":6,"782":2,"783":4,"784":4,"785":4,"786":4,"787":1,"788":1,"789":1,"790":1,"791":1,"792":1,"793":1,"794":1,"795":1,"796":1,"797":1,"798":1,"799":0,"800":0,"801":0,"802":0,"803":0,"804":1,"805":1,"806":1,"807":1,"808":1,"809":1,"810":1,"811":1,"812":0,"813":0,"814":0,"815":0,"816":0,"817":0,"818":1,"819":0,"820":0,"821":0,"822":0,"823":1,"824":0,"825":0,"826":0,"827":0,"828":1,"829":0,"830":0,"831":0,"832":0,"833":0,"834":1,"835":0,"836":1,"837":0,"838":0,"839":0,"840":0,"841":0,"842":1,"843":1,"844":1,"845":1,"846":1,"847":1,"848":1,"849":1,"850":0,"851":0,"852":0,"853":0,"854":0,"855":0,"856":1,"857":0,"858":0,"859":0,"860":0,"861":0,"862":1,"863":0,"864":1,"865":1,"866":1,"867":1,"868":1,"869":1,"870":1,"871":1,"872":1,"873":1,"874":0,"875":1,"876":1,"877":0,"878":1,"879":0,"880":0,"881":0,"882":1,"883":0,"884":0,"885":0,"886":1,"887":0,"888":0,"889":0,"890":1,"891":1,"892":1,"893":1,"894":1,"895":1,"896":1,"897":1,"898":1,"899":0,"900":0,"901":0,"902":0,"903":0,"904":0,"905":0,"906":0,"907":0,"908":0,"909":0,"910":0,"911":0,"912":0,"913":1,"914":0,"915":0,"916":0,"917":0,"918":1,"919":0,"920":0,"921":0,"922":0,"923":0,"924":1,"925":0,"926":0,"927":1,"928":1,"929":1,"930":1,"931":1,"932":1,"933":0,"934":1,"935":0,"936":0,"937":0,"938":0,"939":0,"940":1,"941":0,"942":0,"943":0,"944":0,"945":0,"946":1,"947":0,"948":0,"949":0,"950":0,"951":0,"952":0,"953":1,"954":0,"955":0,"956":0,"957":0,"958":0,"959":0,"960":1,"961":0,"962":0,"963":0,"964":0,"965":0,"966":0,"967":0,"968":0,"969":1,"970":0,"971":1,"972":1},"b":{"1":[1,0],"2":[1,1],"3":[0,0],"4":[0,0],"5":[0,0],"6":[4,23],"7":[0,1],"8":[0,0],"9":[0,0],"10":[0,0],"11":[0,0],"12":[0,0],"13":[0,0],"14":[0,0],"15":[0,0],"16":[0,0],"17":[0,0],"18":[0,0],"19":[0,0],"20":[0,0],"21":[0,0],"22":[0,0],"23":[0,0],"24":[0,0],"25":[0,0],"26":[0,0],"27":[0,0],"28":[0,0],"29":[0,0],"30":[0,0],"31":[0,0],"32":[0,0],"33":[0,0],"34":[0,0],"35":[0,0],"36":[0,0],"37":[0,0],"38":[0,0],"39":[0,0],"40":[0,0],"41":[0,0],"42":[0,0],"43":[0,0],"44":[0,0],"45":[0,0],"46":[0,0],"47":[0,0],"48":[0,0],"49":[0,0],"50":[0,0],"51":[0,0],"52":[0,0],"53":[0,0],"54":[0,0],"55":[0,0],"56":[0,0],"57":[0,0],"58":[0,0],"59":[0,0],"60":[0,0],"61":[1,0],"62":[0,0],"63":[0,0],"64":[0,0],"65":[2,4],"66":[0,0],"67":[0,0],"68":[0,0],"69":[0,0],"70":[0,0],"71":[0,1],"72":[0,0],"73":[0,0],"74":[0,0],"75":[0,0],"76":[0,0],"77":[0,0],"78":[0,0],"79":[0,0],"80":[0,0]},"f":{"1":1,"2":1,"3":1,"4":27,"5":1,"6":1,"7":1,"8":0,"9":1,"10":1,"11":0,"12":0,"13":0,"14":1,"15":0,"16":0,"17":0,"18":0,"19":0,"20":0,"21":0,"22":0,"23":0,"24":0,"25":0,"26":0,"27":0,"28":0,"29":1,"30":0,"31":0,"32":0,"33":0,"34":0,"35":0,"36":0,"37":0,"38":1,"39":1,"40":0,"41":0,"42":1,"43":0,"44":0,"45":0,"46":0,"47":0,"48":0,"49":0,"50":0,"51":0,"52":0,"53":0,"54":0,"55":0,"56":0,"57":0,"58":0,"59":0,"60":0,"61":0,"62":0,"63":0,"64":0,"65":0,"66":0,"67":0,"68":0,"69":0,"70":0,"71":0,"72":0,"73":0,"74":0,"75":0,"76":0,"77":0,"78":0,"79":0,"80":0,"81":0,"82":0,"83":0,"84":0,"85":0,"86":0,"87":0,"88":0,"89":0,"90":0,"91":0,"92":0,"93":0,"94":0,"95":0,"96":0,"97":0,"98":0,"99":0,"100":0,"101":0,"102":0,"103":0,"104":0,"105":0,"106":0,"107":0,"108":0,"109":0,"110":0,"111":0,"112":0,"113":0,"114":0,"115":1,"116":1,"117":0,"118":0,"119":1,"120":0,"121":0,"122":0,"123":0,"124":0,"125":0,"126":0,"127":0,"128":0,"129":0,"130":0,"131":0,"132":0,"133":0,"134":0,"135":0,"136":0,"137":0,"138":0,"139":0,"140":0,"141":1,"142":1,"143":0,"144":0,"145":1,"146":0,"147":0,"148":0,"149":0,"150":0,"151":0,"152":0,"153":0,"154":1,"155":1,"156":1,"157":0,"158":1,"159":1,"160":1,"161":1,"162":0,"163":0,"164":1,"165":1,"166":1,"167":0,"168":0,"169":0,"170":0,"171":0,"172":0,"173":0,"174":0,"175":0,"176":0,"177":0,"178":0,"179":0,"180":0,"181":0,"182":0,"183":0,"184":0,"185":0,"186":0,"187":0,"188":0,"189":0,"190":0,"191":0,"192":0,"193":0,"194":0,"195":0,"196":0,"197":0,"198":0,"199":0,"200":0,"201":0,"202":0,"203":0,"204":0,"205":0,"206":0,"207":0,"208":1,"209":1,"210":1,"211":0,"212":0,"213":0,"214":0,"215":0,"216":0,"217":0,"218":0,"219":0,"220":0,"221":0,"222":0,"223":0,"224":0,"225":0,"226":0,"227":0,"228":0,"229":0,"230":0,"231":0,"232":0,"233":0,"234":0,"235":0,"236":0,"237":0,"238":0,"239":0,"240":0,"241":0,"242":0,"243":0,"244":0,"245":0,"246":1,"247":1,"248":1,"249":0,"250":0,"251":0,"252":0,"253":0,"254":0,"255":0,"256":0,"257":0,"258":0,"259":0,"260":0,"261":0,"262":1,"263":1,"264":1,"265":1,"266":6,"267":1,"268":1,"269":1,"270":1,"271":1,"272":0,"273":1,"274":1,"275":1,"276":0,"277":0,"278":0,"279":0,"280":0,"281":0,"282":0,"283":0,"284":0,"285":0,"286":0,"287":0,"288":0,"289":0,"290":1,"291":1,"292":1,"293":0,"294":0,"295":0,"296":0,"297":0,"298":0,"299":1,"300":1,"301":1,"302":1,"303":1,"304":0,"305":0,"306":0,"307":0,"308":1,"309":1,"310":1,"311":1,"312":0,"313":0,"314":0,"315":0,"316":0,"317":0,"318":0,"319":0,"320":0,"321":0,"322":0,"323":0,"324":1,"325":1,"326":0,"327":0,"328":0,"329":0,"330":0,"331":0,"332":0,"333":0,"334":0,"335":0,"336":0,"337":0,"338":0,"339":0},"fnMap":{"1":{"name":"webpackUniversalModuleDefinition","line":1,"loc":{"start":{"line":1,"column":1},"end":{"line":1,"column":58}}},"2":{"name":"(anonymous_2)","line":10,"loc":{"start":{"line":10,"column":9},"end":{"line":10,"column":20}}},"3":{"name":"(anonymous_3)","line":11,"loc":{"start":{"line":11,"column":17},"end":{"line":11,"column":35}}},"4":{"name":"__webpack_require__","line":16,"loc":{"start":{"line":16,"column":10},"end":{"line":16,"column":49}}},"5":{"name":"(anonymous_5)","line":55,"loc":{"start":{"line":55,"column":6},"end":{"line":55,"column":53}}},"6":{"name":"(anonymous_6)","line":62,"loc":{"start":{"line":62,"column":6},"end":{"line":62,"column":53}}},"7":{"name":"(anonymous_7)","line":65,"loc":{"start":{"line":65,"column":10},"end":{"line":65,"column":26}}},"8":{"name":"(anonymous_8)","line":65,"loc":{"start":{"line":65,"column":35},"end":{"line":65,"column":45}}},"9":{"name":"(anonymous_9)","line":77,"loc":{"start":{"line":77,"column":13},"end":{"line":77,"column":24}}},"10":{"name":"Eventric","line":78,"loc":{"start":{"line":78,"column":3},"end":{"line":78,"column":23}}},"11":{"name":"(anonymous_11)","line":97,"loc":{"start":{"line":97,"column":34},"end":{"line":97,"column":51}}},"12":{"name":"(anonymous_12)","line":101,"loc":{"start":{"line":101,"column":34},"end":{"line":101,"column":45}}},"13":{"name":"(anonymous_13)","line":105,"loc":{"start":{"line":105,"column":36},"end":{"line":105,"column":55}}},"14":{"name":"(anonymous_14)","line":109,"loc":{"start":{"line":109,"column":33},"end":{"line":109,"column":68}}},"15":{"name":"(anonymous_15)","line":119,"loc":{"start":{"line":119,"column":43},"end":{"line":119,"column":54}}},"16":{"name":"(anonymous_16)","line":123,"loc":{"start":{"line":123,"column":32},"end":{"line":123,"column":47}}},"17":{"name":"(anonymous_17)","line":129,"loc":{"start":{"line":129,"column":41},"end":{"line":129,"column":57}}},"18":{"name":"(anonymous_18)","line":130,"loc":{"start":{"line":130,"column":14},"end":{"line":130,"column":36}}},"19":{"name":"(anonymous_19)","line":138,"loc":{"start":{"line":138,"column":52},"end":{"line":138,"column":63}}},"20":{"name":"(anonymous_20)","line":146,"loc":{"start":{"line":146,"column":38},"end":{"line":146,"column":54}}},"21":{"name":"(anonymous_21)","line":147,"loc":{"start":{"line":147,"column":14},"end":{"line":147,"column":41}}},"22":{"name":"(anonymous_22)","line":148,"loc":{"start":{"line":148,"column":93},"end":{"line":148,"column":104}}},"23":{"name":"(anonymous_23)","line":153,"loc":{"start":{"line":153,"column":46},"end":{"line":153,"column":62}}},"24":{"name":"(anonymous_24)","line":154,"loc":{"start":{"line":154,"column":14},"end":{"line":154,"column":25}}},"25":{"name":"(anonymous_25)","line":164,"loc":{"start":{"line":164,"column":44},"end":{"line":164,"column":71}}},"26":{"name":"(anonymous_26)","line":168,"loc":{"start":{"line":168,"column":50},"end":{"line":168,"column":61}}},"27":{"name":"(anonymous_27)","line":172,"loc":{"start":{"line":172,"column":47},"end":{"line":172,"column":70}}},"28":{"name":"(anonymous_28)","line":176,"loc":{"start":{"line":176,"column":38},"end":{"line":176,"column":60}}},"29":{"name":"(anonymous_29)","line":191,"loc":{"start":{"line":191,"column":42},"end":{"line":191,"column":67}}},"30":{"name":"(anonymous_30)","line":196,"loc":{"start":{"line":196,"column":37},"end":{"line":196,"column":48}}},"31":{"name":"(anonymous_31)","line":200,"loc":{"start":{"line":200,"column":48},"end":{"line":200,"column":76}}},"32":{"name":"(anonymous_32)","line":221,"loc":{"start":{"line":221,"column":76},"end":{"line":221,"column":93}}},"33":{"name":"(anonymous_33)","line":223,"loc":{"start":{"line":223,"column":17},"end":{"line":223,"column":33}}},"34":{"name":"(anonymous_34)","line":228,"loc":{"start":{"line":228,"column":62},"end":{"line":228,"column":84}}},"35":{"name":"(anonymous_35)","line":229,"loc":{"start":{"line":229,"column":50},"end":{"line":229,"column":75}}},"36":{"name":"(anonymous_36)","line":231,"loc":{"start":{"line":231,"column":47},"end":{"line":231,"column":58}}},"37":{"name":"(anonymous_37)","line":235,"loc":{"start":{"line":235,"column":46},"end":{"line":235,"column":57}}},"38":{"name":"(anonymous_38)","line":252,"loc":{"start":{"line":252,"column":6},"end":{"line":252,"column":53}}},"39":{"name":"(anonymous_39)","line":259,"loc":{"start":{"line":259,"column":6},"end":{"line":259,"column":53}}},"40":{"name":"(anonymous_40)","line":262,"loc":{"start":{"line":262,"column":10},"end":{"line":262,"column":26}}},"41":{"name":"(anonymous_41)","line":262,"loc":{"start":{"line":262,"column":35},"end":{"line":262,"column":45}}},"42":{"name":"(anonymous_42)","line":269,"loc":{"start":{"line":269,"column":12},"end":{"line":269,"column":23}}},"43":{"name":"Context","line":270,"loc":{"start":{"line":270,"column":3},"end":{"line":270,"column":26}}},"44":{"name":"(anonymous_44)","line":280,"loc":{"start":{"line":280,"column":16},"end":{"line":280,"column":32}}},"45":{"name":"(anonymous_45)","line":281,"loc":{"start":{"line":281,"column":16},"end":{"line":281,"column":27}}},"46":{"name":"(anonymous_46)","line":299,"loc":{"start":{"line":299,"column":34},"end":{"line":299,"column":45}}},"47":{"name":"(anonymous_47)","line":303,"loc":{"start":{"line":303,"column":42},"end":{"line":303,"column":58}}},"48":{"name":"(anonymous_48)","line":304,"loc":{"start":{"line":304,"column":14},"end":{"line":304,"column":25}}},"49":{"name":"(anonymous_49)","line":307,"loc":{"start":{"line":307,"column":21},"end":{"line":307,"column":37}}},"50":{"name":"(anonymous_50)","line":308,"loc":{"start":{"line":308,"column":14},"end":{"line":308,"column":25}}},"51":{"name":"(anonymous_51)","line":318,"loc":{"start":{"line":318,"column":40},"end":{"line":318,"column":51}}},"52":{"name":"(anonymous_52)","line":327,"loc":{"start":{"line":327,"column":46},"end":{"line":327,"column":57}}},"53":{"name":"(anonymous_53)","line":330,"loc":{"start":{"line":330,"column":38},"end":{"line":330,"column":54}}},"54":{"name":"(anonymous_54)","line":331,"loc":{"start":{"line":331,"column":14},"end":{"line":331,"column":41}}},"55":{"name":"(anonymous_55)","line":332,"loc":{"start":{"line":332,"column":81},"end":{"line":332,"column":92}}},"56":{"name":"(anonymous_56)","line":340,"loc":{"start":{"line":340,"column":41},"end":{"line":340,"column":98}}},"57":{"name":"(anonymous_57)","line":345,"loc":{"start":{"line":345,"column":42},"end":{"line":345,"column":74}}},"58":{"name":"(anonymous_58)","line":354,"loc":{"start":{"line":354,"column":42},"end":{"line":354,"column":68}}},"59":{"name":"(anonymous_59)","line":363,"loc":{"start":{"line":363,"column":40},"end":{"line":363,"column":64}}},"60":{"name":"(anonymous_60)","line":372,"loc":{"start":{"line":372,"column":36},"end":{"line":372,"column":76}}},"61":{"name":"(anonymous_61)","line":377,"loc":{"start":{"line":377,"column":50},"end":{"line":377,"column":70}}},"62":{"name":"(anonymous_62)","line":379,"loc":{"start":{"line":379,"column":27},"end":{"line":379,"column":43}}},"63":{"name":"(anonymous_63)","line":380,"loc":{"start":{"line":380,"column":14},"end":{"line":380,"column":25}}},"64":{"name":"(anonymous_64)","line":387,"loc":{"start":{"line":387,"column":46},"end":{"line":387,"column":83}}},"65":{"name":"(anonymous_65)","line":389,"loc":{"start":{"line":389,"column":27},"end":{"line":389,"column":43}}},"66":{"name":"(anonymous_66)","line":390,"loc":{"start":{"line":390,"column":14},"end":{"line":390,"column":25}}},"67":{"name":"(anonymous_67)","line":397,"loc":{"start":{"line":397,"column":47},"end":{"line":397,"column":80}}},"68":{"name":"(anonymous_68)","line":407,"loc":{"start":{"line":407,"column":61},"end":{"line":407,"column":111}}},"69":{"name":"(anonymous_69)","line":409,"loc":{"start":{"line":409,"column":27},"end":{"line":409,"column":43}}},"70":{"name":"(anonymous_70)","line":410,"loc":{"start":{"line":410,"column":14},"end":{"line":410,"column":25}}},"71":{"name":"(anonymous_71)","line":417,"loc":{"start":{"line":417,"column":50},"end":{"line":417,"column":73}}},"72":{"name":"(anonymous_72)","line":421,"loc":{"start":{"line":421,"column":37},"end":{"line":421,"column":64}}},"73":{"name":"(anonymous_73)","line":426,"loc":{"start":{"line":426,"column":49},"end":{"line":426,"column":72}}},"74":{"name":"(anonymous_74)","line":430,"loc":{"start":{"line":430,"column":56},"end":{"line":430,"column":82}}},"75":{"name":"(anonymous_75)","line":434,"loc":{"start":{"line":434,"column":44},"end":{"line":434,"column":55}}},"76":{"name":"(anonymous_76)","line":438,"loc":{"start":{"line":438,"column":35},"end":{"line":438,"column":46}}},"77":{"name":"(anonymous_77)","line":442,"loc":{"start":{"line":442,"column":46},"end":{"line":442,"column":57}}},"78":{"name":"(anonymous_78)","line":445,"loc":{"start":{"line":445,"column":25},"end":{"line":445,"column":41}}},"79":{"name":"(anonymous_79)","line":446,"loc":{"start":{"line":446,"column":14},"end":{"line":446,"column":40}}},"80":{"name":"(anonymous_80)","line":448,"loc":{"start":{"line":448,"column":121},"end":{"line":448,"column":149}}},"81":{"name":"(anonymous_81)","line":459,"loc":{"start":{"line":459,"column":60},"end":{"line":459,"column":71}}},"82":{"name":"(anonymous_82)","line":462,"loc":{"start":{"line":462,"column":25},"end":{"line":462,"column":41}}},"83":{"name":"(anonymous_83)","line":463,"loc":{"start":{"line":463,"column":14},"end":{"line":463,"column":40}}},"84":{"name":"(anonymous_84)","line":465,"loc":{"start":{"line":465,"column":135},"end":{"line":465,"column":163}}},"85":{"name":"(anonymous_85)","line":476,"loc":{"start":{"line":476,"column":31},"end":{"line":476,"column":61}}},"86":{"name":"(anonymous_86)","line":482,"loc":{"start":{"line":482,"column":37},"end":{"line":482,"column":53}}},"87":{"name":"(anonymous_87)","line":483,"loc":{"start":{"line":483,"column":14},"end":{"line":483,"column":40}}},"88":{"name":"(anonymous_88)","line":490,"loc":{"start":{"line":490,"column":39},"end":{"line":490,"column":50}}},"89":{"name":"(anonymous_89)","line":492,"loc":{"start":{"line":492,"column":17},"end":{"line":492,"column":34}}},"90":{"name":"(anonymous_90)","line":495,"loc":{"start":{"line":495,"column":21},"end":{"line":495,"column":37}}},"91":{"name":"(anonymous_91)","line":512,"loc":{"start":{"line":512,"column":42},"end":{"line":512,"column":59}}},"92":{"name":"(anonymous_92)","line":519,"loc":{"start":{"line":519,"column":51},"end":{"line":519,"column":62}}},"93":{"name":"(anonymous_93)","line":528,"loc":{"start":{"line":528,"column":16},"end":{"line":528,"column":32}}},"94":{"name":"(anonymous_94)","line":529,"loc":{"start":{"line":529,"column":16},"end":{"line":529,"column":27}}},"95":{"name":"(anonymous_95)","line":536,"loc":{"start":{"line":536,"column":14},"end":{"line":536,"column":30}}},"96":{"name":"(anonymous_96)","line":537,"loc":{"start":{"line":537,"column":16},"end":{"line":537,"column":53}}},"97":{"name":"(anonymous_97)","line":547,"loc":{"start":{"line":547,"column":36},"end":{"line":547,"column":71}}},"98":{"name":"(anonymous_98)","line":553,"loc":{"start":{"line":553,"column":47},"end":{"line":553,"column":71}}},"99":{"name":"(anonymous_99)","line":561,"loc":{"start":{"line":561,"column":42},"end":{"line":561,"column":67}}},"100":{"name":"(anonymous_100)","line":563,"loc":{"start":{"line":563,"column":54},"end":{"line":563,"column":65}}},"101":{"name":"(anonymous_101)","line":565,"loc":{"start":{"line":565,"column":41},"end":{"line":565,"column":57}}},"102":{"name":"(anonymous_102)","line":566,"loc":{"start":{"line":566,"column":14},"end":{"line":566,"column":25}}},"103":{"name":"(anonymous_103)","line":572,"loc":{"start":{"line":572,"column":29},"end":{"line":572,"column":57}}},"104":{"name":"(anonymous_104)","line":573,"loc":{"start":{"line":573,"column":25},"end":{"line":573,"column":41}}},"105":{"name":"(anonymous_105)","line":574,"loc":{"start":{"line":574,"column":14},"end":{"line":574,"column":40}}},"106":{"name":"(anonymous_106)","line":581,"loc":{"start":{"line":581,"column":39},"end":{"line":581,"column":50}}},"107":{"name":"(anonymous_107)","line":583,"loc":{"start":{"line":583,"column":17},"end":{"line":583,"column":34}}},"108":{"name":"(anonymous_108)","line":586,"loc":{"start":{"line":586,"column":21},"end":{"line":586,"column":37}}},"109":{"name":"(anonymous_109)","line":601,"loc":{"start":{"line":601,"column":51},"end":{"line":601,"column":72}}},"110":{"name":"(anonymous_110)","line":607,"loc":{"start":{"line":607,"column":31},"end":{"line":607,"column":42}}},"111":{"name":"(anonymous_111)","line":608,"loc":{"start":{"line":608,"column":53},"end":{"line":608,"column":69}}},"112":{"name":"(anonymous_112)","line":609,"loc":{"start":{"line":609,"column":14},"end":{"line":609,"column":25}}},"113":{"name":"(anonymous_113)","line":612,"loc":{"start":{"line":612,"column":21},"end":{"line":612,"column":37}}},"114":{"name":"(anonymous_114)","line":613,"loc":{"start":{"line":613,"column":14},"end":{"line":613,"column":25}}},"115":{"name":"(anonymous_115)","line":628,"loc":{"start":{"line":628,"column":6},"end":{"line":628,"column":53}}},"116":{"name":"(anonymous_116)","line":635,"loc":{"start":{"line":635,"column":6},"end":{"line":635,"column":53}}},"117":{"name":"(anonymous_117)","line":638,"loc":{"start":{"line":638,"column":10},"end":{"line":638,"column":26}}},"118":{"name":"(anonymous_118)","line":638,"loc":{"start":{"line":638,"column":35},"end":{"line":638,"column":45}}},"119":{"name":"(anonymous_119)","line":646,"loc":{"start":{"line":646,"column":24},"end":{"line":646,"column":35}}},"120":{"name":"AggregateRepository","line":647,"loc":{"start":{"line":647,"column":3},"end":{"line":647,"column":40}}},"121":{"name":"(anonymous_121)","line":658,"loc":{"start":{"line":658,"column":40},"end":{"line":658,"column":62}}},"122":{"name":"(anonymous_122)","line":659,"loc":{"start":{"line":659,"column":25},"end":{"line":659,"column":41}}},"123":{"name":"(anonymous_123)","line":660,"loc":{"start":{"line":660,"column":14},"end":{"line":660,"column":40}}},"124":{"name":"(anonymous_124)","line":661,"loc":{"start":{"line":661,"column":72},"end":{"line":661,"column":102}}},"125":{"name":"(anonymous_125)","line":694,"loc":{"start":{"line":694,"column":42},"end":{"line":694,"column":63}}},"126":{"name":"(anonymous_126)","line":698,"loc":{"start":{"line":698,"column":36},"end":{"line":698,"column":52}}},"127":{"name":"(anonymous_127)","line":699,"loc":{"start":{"line":699,"column":14},"end":{"line":699,"column":25}}},"128":{"name":"(anonymous_128)","line":711,"loc":{"start":{"line":711,"column":72},"end":{"line":711,"column":83}}},"129":{"name":"(anonymous_129)","line":718,"loc":{"start":{"line":718,"column":75},"end":{"line":718,"column":95}}},"130":{"name":"(anonymous_130)","line":719,"loc":{"start":{"line":719,"column":40},"end":{"line":719,"column":56}}},"131":{"name":"(anonymous_131)","line":720,"loc":{"start":{"line":720,"column":14},"end":{"line":720,"column":25}}},"132":{"name":"(anonymous_132)","line":726,"loc":{"start":{"line":726,"column":40},"end":{"line":726,"column":60}}},"133":{"name":"(anonymous_133)","line":727,"loc":{"start":{"line":727,"column":36},"end":{"line":727,"column":52}}},"134":{"name":"(anonymous_134)","line":728,"loc":{"start":{"line":728,"column":14},"end":{"line":728,"column":25}}},"135":{"name":"(anonymous_135)","line":740,"loc":{"start":{"line":740,"column":30},"end":{"line":740,"column":52}}},"136":{"name":"(anonymous_136)","line":741,"loc":{"start":{"line":741,"column":67},"end":{"line":741,"column":78}}},"137":{"name":"(anonymous_137)","line":742,"loc":{"start":{"line":742,"column":67},"end":{"line":742,"column":89}}},"138":{"name":"(anonymous_138)","line":747,"loc":{"start":{"line":747,"column":42},"end":{"line":747,"column":53}}},"139":{"name":"(anonymous_139)","line":748,"loc":{"start":{"line":748,"column":37},"end":{"line":748,"column":59}}},"140":{"name":"(anonymous_140)","line":749,"loc":{"start":{"line":749,"column":90},"end":{"line":749,"column":106}}},"141":{"name":"(anonymous_141)","line":768,"loc":{"start":{"line":768,"column":6},"end":{"line":768,"column":53}}},"142":{"name":"(anonymous_142)","line":775,"loc":{"start":{"line":775,"column":6},"end":{"line":775,"column":53}}},"143":{"name":"(anonymous_143)","line":778,"loc":{"start":{"line":778,"column":10},"end":{"line":778,"column":26}}},"144":{"name":"(anonymous_144)","line":778,"loc":{"start":{"line":778,"column":35},"end":{"line":778,"column":45}}},"145":{"name":"(anonymous_145)","line":782,"loc":{"start":{"line":782,"column":14},"end":{"line":782,"column":25}}},"146":{"name":"Aggregate","line":783,"loc":{"start":{"line":783,"column":3},"end":{"line":783,"column":55}}},"147":{"name":"(anonymous_147)","line":792,"loc":{"start":{"line":792,"column":31},"end":{"line":792,"column":44}}},"148":{"name":"(anonymous_148)","line":797,"loc":{"start":{"line":797,"column":41},"end":{"line":797,"column":87}}},"149":{"name":"(anonymous_149)","line":808,"loc":{"start":{"line":808,"column":44},"end":{"line":808,"column":111}}},"150":{"name":"(anonymous_150)","line":824,"loc":{"start":{"line":824,"column":44},"end":{"line":824,"column":83}}},"151":{"name":"(anonymous_151)","line":830,"loc":{"start":{"line":830,"column":44},"end":{"line":830,"column":55}}},"152":{"name":"(anonymous_152)","line":834,"loc":{"start":{"line":834,"column":43},"end":{"line":834,"column":66}}},"153":{"name":"(anonymous_153)","line":844,"loc":{"start":{"line":844,"column":43},"end":{"line":844,"column":65}}},"154":{"name":"(anonymous_154)","line":857,"loc":{"start":{"line":857,"column":6},"end":{"line":857,"column":53}}},"155":{"name":"(anonymous_155)","line":864,"loc":{"start":{"line":864,"column":6},"end":{"line":864,"column":32}}},"156":{"name":"(anonymous_156)","line":868,"loc":{"start":{"line":868,"column":16},"end":{"line":868,"column":27}}},"157":{"name":"DomainEvent","line":869,"loc":{"start":{"line":869,"column":3},"end":{"line":869,"column":32}}},"158":{"name":"(anonymous_158)","line":887,"loc":{"start":{"line":887,"column":6},"end":{"line":887,"column":53}}},"159":{"name":"(anonymous_159)","line":894,"loc":{"start":{"line":894,"column":6},"end":{"line":894,"column":32}}},"160":{"name":"(anonymous_160)","line":898,"loc":{"start":{"line":898,"column":18},"end":{"line":898,"column":29}}},"161":{"name":"UuidGenerator","line":899,"loc":{"start":{"line":899,"column":3},"end":{"line":899,"column":28}}},"162":{"name":"(anonymous_162)","line":903,"loc":{"start":{"line":903,"column":42},"end":{"line":903,"column":53}}},"163":{"name":"(anonymous_163)","line":905,"loc":{"start":{
[...]
\t    return pubSub.publish(fullEventName, payload);","\t\t  };","","\t\t  return InMemoryRemoteEndpoint;","","\t\t})();","","\t\tmodule.exports = new InMemoryRemoteEndpoint;","","","\t/***/ },","\t/* 2 */","\t/***/ function(module, exports) {","","\t\tvar PubSub,","\t\t  slice = [].slice;","","\t\tPubSub = (function() {","\t\t  function PubSub() {","\t\t    this._subscribers = [];","\t\t    this._subscriberId = 0;","\t\t  }","","\t\t  PubSub.prototype.subscribe = function(eventName, subscriberFunction) {","\t\t    return new Promise((function(_this) {","\t\t      return function(resolve) {","\t\t        var subscriber;","\t\t        subscriber = {","\t\t          eventName: eventName,","\t\t          subscriberFunction: subscriberFunction,","\t\t          subscriberId: _this._getNextSubscriberId()","\t\t        };","\t\t        _this._subscribers.push(subscriber);","\t\t        return resolve(subscriber.subscriberId);","\t\t      };","\t\t    })(this));","\t\t  };","","\t\t  PubSub.prototype.publish = function(eventName, payload) {","\t\t    var subscribers;","\t\t    subscribers = this._getRelevantSubscribers(eventName);","\t\t    return Promise.all(subscribers.map(function(subscriber) {","\t\t      return subscriber.subscriberFunction(payload);","\t\t    }));","\t\t  };","","\t\t  PubSub.prototype._getRelevantSubscribers = function(eventName) {","\t\t    if (eventName) {","\t\t      return this._subscribers.filter(function(subscriber) {","\t\t        return subscriber.eventName === eventName;","\t\t      });","\t\t    } else {","\t\t      return this._subscribers;","\t\t    }","\t\t  };","","\t\t  PubSub.prototype.unsubscribe = function(subscriberId) {","\t\t    return new Promise((function(_this) {","\t\t      return function(resolve) {","\t\t        _this._subscribers = _this._subscribers.filter(function(subscriber) {","\t\t          return subscriber.subscriberId !== subscriberId;","\t\t        });","\t\t        return resolve();","\t\t      };","\t\t    })(this));","\t\t  };","","\t\t  PubSub.prototype._getNextSubscriberId = function() {","\t\t    return this._subscriberId++;","\t\t  };","","\t\t  PubSub.prototype.getFullEventName = function() {","\t\t    var eventParts;","\t\t    eventParts = 1 <= arguments.length ? slice.call(arguments, 0) : [];","\t\t    eventParts = eventParts.filter(function(eventPart) {","\t\t      return eventPart != null;","\t\t    });","\t\t    return eventParts.join('/');","\t\t  };","","\t\t  return PubSub;","","\t\t})();","","\t\tmodule.exports = new PubSub;","","","\t/***/ },","\t/* 3 */","\t/***/ function(module, exports, __webpack_require__) {","","\t\tvar InMemoryRemoteClient, endpoint, pubSub,","\t\t  slice = [].slice;","","\t\tendpoint = __webpack_require__(1);","","\t\tpubSub = __webpack_require__(2);","","\t\tInMemoryRemoteClient = (function() {","\t\t  function InMemoryRemoteClient() {}","","\t\t  InMemoryRemoteClient.prototype.rpc = function(rpcRequest) {","\t\t    return new Promise((function(_this) {","\t\t      return function(resolve, reject) {","\t\t        return endpoint.handleRPCRequest(rpcRequest, function(error, result) {","\t\t          if (error) {","\t\t            return reject(error);","\t\t          } else {","\t\t            return resolve(result);","\t\t          }","\t\t        });","\t\t      };","\t\t    })(this));","\t\t  };","","\t\t  InMemoryRemoteClient.prototype.subscribe = function() {","\t\t    var aggregateId, arg, contextName, domainEventName, fullEventName, handlerFunction, i;","\t\t    contextName = arguments[0], arg = 3 <= arguments.length ? slice.call(arguments, 1, i = arguments.length - 1) : (i = 1, []), handlerFunction = arguments[i++];","\t\t    domainEventName = arg[0], aggregateId = arg[1];","\t\t    fullEventName = pubSub.getFullEventName(contextName, domainEventName, aggregateId);","\t\t    return pubSub.subscribe(fullEventName, handlerFunction);","\t\t  };","","\t\t  InMemoryRemoteClient.prototype.unsubscribe = function(subscriberId) {","\t\t    return pubSub.unsubscribe(subscriberId);","\t\t  };","","\t\t  return InMemoryRemoteClient;","","\t\t})();","","\t\tmodule.exports = new InMemoryRemoteClient;","","","\t/***/ }","\t/******/ ])","\t});","\t;","","/***/ },","/* 22 */","/***/ function(module, exports, __webpack_require__) {","","\tmodule.exports = __webpack_require__(23);","","","/***/ },","/* 23 */","/***/ function(module, exports) {","","\tvar Logger;","","\tLogger = (function() {","\t  Logger.prototype.LOG_LEVELS = {","\t    error: 0,","\t    warn: 1,","\t    info: 2,","\t    debug: 3","\t  };","","\t  function Logger() {","\t    this.setLogLevel('warn');","\t  }","","\t  Logger.prototype.setLogLevel = function(logLevel) {","\t    if (this.LOG_LEVELS[logLevel] === void 0) {","\t      throw new Error('Logger: No valid log level');","\t    }","\t    return this._logLevel = this.LOG_LEVELS[logLevel];","\t  };","","\t  Logger.prototype.error = function() {","\t    return console['error'].apply(console, arguments);","\t  };","","\t  Logger.prototype.warn = function() {","\t    if (this._logLevel < 1) {","\t      return;","\t    }","\t    return console['warn'].apply(console, arguments);","\t  };","","\t  Logger.prototype.info = function() {","\t    if (this._logLevel < 2) {","\t      return;","\t    }","\t    return console['info'].apply(console, arguments);","\t  };","","\t  Logger.prototype.debug = function() {","\t    if (this._logLevel < 3) {","\t      return;","\t    }","\t    return console['log'].apply(console, arguments);","\t  };","","\t  return Logger;","","\t})();","","\tmodule.exports = new Logger;","","","/***/ },","/* 24 */","/***/ function(module, exports, __webpack_require__) {","","\tmodule.exports = __webpack_require__(25);","","","/***/ },","/* 25 */","/***/ function(module, exports, __webpack_require__) {","","\tvar GlobalContext, domainEventService,","\t  slice = [].slice;","","\tdomainEventService = __webpack_require__(12);","","\tGlobalContext = (function() {","\t  function GlobalContext() {","\t    this.name = 'Global';","\t  }","","\t  GlobalContext.prototype.findDomainEventsByName = function() {","\t    var domainEventsByContext, findArguments, findDomainEventsByNamePromise;","\t    findArguments = 1 <= arguments.length ? slice.call(arguments, 0) : [];","\t    findDomainEventsByNamePromise = Promise.resolve();","\t    domainEventsByContext = [];","\t    this._getAllContexts().forEach(function(context) {","\t      return findDomainEventsByNamePromise = findDomainEventsByNamePromise.then(function() {","\t        return context.findDomainEventsByName.apply(context, findArguments).then(function(domainEvents) {","\t          return domainEventsByContext.push(domainEvents);","\t        });","\t      });","\t    });","\t    return findDomainEventsByNamePromise.then((function(_this) {","\t      return function() {","\t        var domainEvents;","\t        domainEvents = _this._combineDomainEventsByContext(domainEventsByContext);","\t        domainEvents = domainEventService.sortDomainEventsById(domainEvents);","\t        return domainEvents;","\t      };","\t    })(this));","\t  };","","\t  GlobalContext.prototype.subscribeToDomainEvent = function(eventName, domainEventHandler) {","\t    var subscribeToDomainEvents;","\t    subscribeToDomainEvents = this._getAllContexts().map(function(context) {","\t      return context.subscribeToDomainEvent(eventName, domainEventHandler);","\t    });","\t    return Promise.all(subscribeToDomainEvents);","\t  };","","\t  GlobalContext.prototype._getAllContexts = function() {","\t    var contextNames, eventric;","\t    eventric = __webpack_require__(1);","\t    contextNames = eventric.getRegisteredContextNames();","\t    return contextNames.map(function(contextName) {","\t      return eventric.remoteContext(contextName);","\t    });","\t  };","","\t  GlobalContext.prototype._combineDomainEventsByContext = function(domainEventsByContext) {","\t    return domainEventsByContext.reduce(function(allDomainEvents, contextDomainEvents) {","\t      return allDomainEvents.concat(contextDomainEvents);","\t    }, []);","\t  };","","\t  return GlobalContext;","","\t})();","","\tmodule.exports = GlobalContext;","","","/***/ },","/* 26 */","/***/ function(module, exports) {","","\tvar InMemoryStore;","","\tInMemoryStore = (function() {","\t  InMemoryStore.prototype.domainEventSequence = {","\t    currentDomainEventId: 1","\t  };","","\t  function InMemoryStore() {","\t    this._domainEvents = [];","\t  }","","\t  InMemoryStore.prototype.initialize = function(_context) {","\t    this._context = _context;","\t    return new Promise((function(_this) {","\t      return function(resolve) {","\t        _this._domainEventsCollectionName = _this._context.name + \".DomainEvents\";","\t        return resolve();","\t      };","\t    })(this));","\t  };","","\t  InMemoryStore.prototype.saveDomainEvent = function(domainEvent) {","\t    return new Promise((function(_this) {","\t      return function(resolve) {","\t        domainEvent.id = _this.domainEventSequence.currentDomainEventId++;","\t        _this._domainEvents.push(domainEvent);","\t        return resolve(domainEvent);","\t      };","\t    })(this));","\t  };","","\t  InMemoryStore.prototype.findDomainEventsByName = function(domainEventNames, callback) {","\t    var events;","\t    if (!(domainEventNames instanceof Array)) {","\t      domainEventNames = [domainEventNames];","\t    }","\t    events = this._domainEvents.filter(function(domainEvent) {","\t      return domainEventNames.indexOf(domainEvent.name) > -1;","\t    });","\t    return callback(null, events);","\t  };","","\t  InMemoryStore.prototype.findDomainEventsByAggregateId = function(aggregateIds, callback) {","\t    var domainEvents;","\t    if (!(aggregateIds instanceof Array)) {","\t      aggregateIds = [aggregateIds];","\t    }","\t    domainEvents = this._domainEvents.filter(function(domainEvent) {","\t      return aggregateIds.indexOf(domainEvent.aggregate.id) > -1;","\t    });","\t    return callback(null, domainEvents);","\t  };","","\t  InMemoryStore.prototype.findDomainEventsByNameAndAggregateId = function(domainEventNames, aggregateIds, callback) {","\t    var domainEvents;","\t    if (!(domainEventNames instanceof Array)) {","\t      domainEventNames = [domainEventNames];","\t    }","\t    if (!(aggregateIds instanceof Array)) {","\t      aggregateIds = [aggregateIds];","\t    }","\t    domainEvents = this._domainEvents.filter(function(domainEvent) {","\t      return domainEventNames.indexOf(domainEvent.name) > -1 && aggregateIds.indexOf(domainEvent.aggregate.id) > -1;","\t    });","\t    return callback(null, domainEvents);","\t  };","","\t  InMemoryStore.prototype.destroy = function() {","\t    return Promise.resolve();","\t  };","","\t  return InMemoryStore;","","\t})();","","\tmodule.exports = InMemoryStore;","","","/***/ }","/******/ ])","});",";"],"l":{"1":1,"2":1,"3":1,"4":0,"5":0,"6":0,"7":0,"9":0,"11":1,"13":1,"16":1,"19":27,"20":4,"23":23,"30":23,"33":23,"36":23,"41":1,"44":1,"47":1,"50":1,"57":1,"64":1,"65":1,"67":1,"69":1,"71":1,"73":1,"75":1,"77":1,"78":1,"79":1,"80":1,"81":1,"82":1,"83":1,"84":1,"85":1,"86":1,"87":1,"88":1,"89":1,"90":1,"91":1,"92":1,"93":1,"94":1,"97":1,"98":0,"101":1,"102":0,"105":1,"106":0,"109":1,"110":1,"111":0,"113":1,"119":1,"120":0,"123":1,"124":0,"125":0,"126":0,"128":0,"129":0,"130":0,"131":0,"134":0,"135":0,"138":1,"139":0,"140":0,"141":0,"143":0,"144":0,"145":0,"146":0,"147":0,"148":0,"149":0,"153":0,"154":0,"155":0,"156":0,"157":0,"158":0,"161":0,"164":1,"165":0,"168":1,"169":0,"172":1,"173":0,"176":1,"177":0,"178":0,"179":0,"181":0,"182":0,"184":0,"185":0,"186":0,"188":0,"191":1,"192":1,"193":1,"196":1,"197":0,"200":1,"201":0,"202":0,"203":0,"204":0,"205":0,"206":0,"207":0,"209":0,"210":0,"211":0,"212":0,"213":0,"215":0,"216":0,"217":0,"218":0,"219":0,"221":0,"222":0,"224":0,"228":1,"229":0,"230":0,"231":0,"232":0,"234":0,"235":0,"236":0,"239":0,"243":1,"247":1,"254":1,"261":1,"262":0,"265":1,"267":1,"269":1,"270":1,"271":0,"272":0,"273":0,"274":0,"275":0,"276":0,"277":0,"278":0,"279":0,"281":0,"282":0,"286":0,"287":0,"288":0,"289":0,"290":0,"291":0,"292":0,"293":0,"294":0,"295":0,"296":0,"299":1,"300":0,"301":0,"302":0,"303":0,"304":0,"305":0,"308":0,"309":0,"310":0,"311":0,"312":0,"313":0,"318":1,"319":0,"320":0,"321":0,"322":0,"323":0,"324":0,"327":1,"328":0,"329":0,"330":0,"331":0,"332":0,"333":0,"337":0,"340":1,"341":0,"342":0,"345":1,"346":0,"347":0,"348":0,"349":0,"351":0,"354":1,"355":0,"356":0,"357":0,"358":0,"360":0,"363":1,"364":0,"365":0,"366":0,"367":0,"369":0,"372":1,"373":0,"374":0,"377":1,"378":0,"379":0,"380":0,"381":0,"384":0,"387":1,"388":0,"389":0,"390":0,"391":0,"394":0,"397":1,"398":0,"399":0,"400":0,"401":0,"402":0,"404":0,"407":1,"408":0,"409":0,"410":0,"411":0,"414":0,"417":1,"418":0,"421":1,"422":0,"423":0,"426":1,"427":0,"430":1,"431":0,"434":1,"435":0,"438":1,"439":0,"442":1,"443":0,"444":0,"445":0,"446":0,"447":0,"448":0,"449":0,"450":0,"452":0,"453":0,"459":1,"460":0,"461":0,"462":0,"463":0,"464":0,"465":0,"466":0,"467":0,"469":0,"470":0,"476":1,"477":0,"478":0,"479":0,"480":0,"482":0,"483":0,"484":0,"485":0,"486":0,"487":0,"489":0,"490":0,"491":0,"493":0,"494":0,"496":0,"497":0,"498":0,"499":0,"500":0,"501":0,"503":0,"504":0,"508":0,"509":0,"512":1,"513":0,"514":0,"516":0,"519":1,"520":0,"521":0,"522":0,"523":0,"524":0,"525":0,"527":0,"529":0,"530":0,"531":0,"532":0,"533":0,"537":0,"538":0,"539":0,"540":0,"544":0,"547":1,"548":0,"549":0,"550":0,"553":1,"554":0,"561":1,"562":0,"563":0,"564":0,"565":0,"566":0,"567":0,"572":1,"573":0,"574":0,"575":0,"576":0,"577":0,"578":0,"579":0,"581":0,"582":0,"584":0,"585":0,"587":0,"588":0,"589":0,"590":0,"591":0,"592":0,"594":0,"595":0,"601":1,"602":0,"603":0,"607":1,"608":0,"609":0,"610":0,"613":0,"614":0,"619":1,"623":1,"630":1,"637":1,"638":0,"640":1,"642":1,"644":1,"646":1,"647":1,"648":0,"649":0,"650":0,"651":0,"652":0,"653":0,"654":0,"655":0,"658":1,"659":0,"660":0,"661":0,"662":0,"663":0,"664":0,"665":0,"667":0,"668":0,"669":0,"671":0,"672":0,"673":0,"674":0,"675":0,"676":0,"677":0,"680":0,"681":0,"682":0,"684":0,"685":0,"686":0,"687":0,"688":0,"694":1,"695":0,"696":0,"698":0,"699":0,"700":0,"701":0,"702":0,"703":0,"705":0,"706":0,"708":0,"710":0,"711":0,"712":0,"718":1,"719":0,"720":0,"721":0,"726":1,"727":0,"728":0,"729":0,"730":0,"731":0,"733":0,"734":0,"735":0,"737":0,"738":0,"739":0,"740":0,"741":0,"742":0,"743":0,"747":0,"748":0,"749":0,"750":0,"753":0,"759":1,"763":1,"770":1,"777":1,"778":0,"780":1,"782":1,"783":1,"784":0,"785":0,"786":0,"787":0,"788":0,"789":0,"792":1,"793":0,"794":0,"797":1,"798":0,"799":0,"803":0,"804":0,"805":0,"808":1,"809":0,"810":0,"811":0,"812":0,"814":0,"815":0,"816":0,"824":1,"825":0,"826":0,"830":1,"831":0,"834":1,"835":0,"836":0,"837":0,"838":0,"839":0,"841":0,"844":1,"845":0,"848":1,"852":1,"859":1,"866":1,"868":1,"869":1,"870":0,"871":0,"872":0,"873":0,"874":0,"875":0,"878":1,"882":1,"889":1,"896":1,"898":1,"899":1,"901":1,"903":1,"904":0,"905":0,"906":0,"907":0,"908":0,"909":0,"911":0,"912":0,"915":0,"918":1,"922":1,"929":1,"931":1,"932":1,"934":1,"935":0,"936":0,"940":1,"944":1,"951":0,"958":0,"965":0,"967":0,"969":0,"970":1,"971":0,"972":0,"973":0,"974":0,"977":0,"978":0,"981":0,"982":0,"985":0,"986":0,"989":0,"990":0,"991":0,"992":0,"993":0,"998":0,"999":0,"1004":0,"1005":0,"1008":0,"1009":0,"1010":0,"1011":0,"1012":0,"1013":0,"1014":0,"1016":0,"1021":0,"1022":0,"1023":0,"1024":0,"1025":0,"1026":0,"1028":0,"1032":0,"1033":0,"1034":0,"1035":0,"1036":0,"1037":0,"1038":0,"1044":0,"1045":0,"1046":0,"1047":0,"1049":0,"1050":0,"1052":0,"1053":0,"1054":0,"1057":0,"1060":0,"1061":0,"1064":0,"1065":0,"1066":0,"1067":0,"1068":0,"1074":0,"1075":0,"1076":0,"1077":0,"1082":0,"1083":0,"1084":0,"1085":0,"1086":0,"1087":0,"1088":0,"1094":0,"1098":0,"1105":0,"1107":0,"1108":1,"1109":0,"1112":0,"1116":0,"1123":1,"1130":1,"1132":1,"1134":1,"1135":1,"1136":0,"1137":0,"1138":0,"1139":0,"1142":1,"1143":0,"1144":0,"1145":0,"1146":0,"1147":0,"1148":0,"1151":0,"1152":0,"1153":0,"1154":0,"1155":0,"1157":0,"1159":0,"1160":0,"1161":0,"1162":0,"1165":0,"1166":0,"1167":0,"1170":0,"1171":0,"1174":0,"1175":0,"1178":0,"1180":0,"1184":1,"1185":0,"1186":0,"1187":0,"1189":0,"1190":0,"1195":1,"1196":0,"1197":0,"1198":0,"1199":0,"1200":0,"1201":0,"1202":0,"1203":0,"1206":0,"1210":1,"1211":0,"1212":0,"1213":0,"1215":0,"1217":0,"1218":0,"1219":0,"1220":0,"1221":0,"1223":0,"1224":0,"1225":0,"1226":0,"1229":0,"1234":1,"1235":0,"1236":0,"1237":0,"1238":0,"1241":0,"1242":0,"1243":0,"1244":0,"1245":0,"1246":0,"1247":0,"1249":0,"1252":0,"1256":0,"1259":1,"1260":0,"1261":0,"1262":0,"1263":0,"1265":0,"1270":1,"1271":0,"1274":1,"1275":0,"1276":0,"1277":0,"1279":0,"1280":0,"1282":0,"1283":0,"1284":0,"1285":0,"1286":0,"1288":0,"1289":0,"1290":0,"1293":1,"1297":1,"1304":1,"1311":1,"1313":1,"1314":1,"1316":1,"1317":0,"1318":0,"1319":0,"1320":0,"1321":0,"1322":0,"1323":0,"1324":0,"1325":0,"1328":1,"1329":0,"1330":0,"1331":0,"1332":0,"1338":1,"1339":0,"1342":1,"1343":0,"1346":1,"1347":0,"1350":1,"1351":0,"1354":1,"1355":0,"1362":1,"1363":0,"1364":0,"1367":1,"1368":0,"1371":1,"1372":0,"1375":1,"1379":1,"1386":1,"1387":1,"1388":1,"1389":0,"1390":0,"1391":0,"1392":0,"1394":0,"1396":1,"1398":1,"1401":1,"1404":6,"1405":2,"1408":4,"1415":4,"1418":4,"1421":4,"1426":1,"1429":1,"1432":1,"1435":1,"1442":1,"1452":1,"1455":1,"1457":1,"1458":1,"1460":1,"1461":1,"1464":1,"1465":0,"1466":0,"1467":0,"1468":0,"1469":0,"1472":1,"1476":1,"1483":1,"1486":1,"1487":1,"1488":1,"1489":1,"1492":1,"1493":0,"1494":0,"1495":0,"1496":0,"1501":0,"1502":0,"1507":1,"1508":0,"1509":0,"1510":0,"1511":0,"1515":1,"1516":0,"1517":0,"1518":0,"1521":0,"1525":1,"1526":0,"1527":0,"1528":0,"1529":0,"1531":0,"1536":1,"1537":0,"1540":1,"1541":0,"1542":0,"1543":0,"1544":0,"1546":0,"1549":1,"1553":1,"1560":1,"1563":1,"1565":1,"1567":1,"1568":1,"1570":1,"1571":0,"1572":0,"1573":0,"1574":0,"1575":0,"1577":0,"1584":1,"1585":0,"1586":0,"1587":0,"1588":0,"1589":0,"1592":1,"1593":0,"1596":1,"1600":1,"1612":1,"1619":1,"1621":1,"1622":1,"1629":1,"1630":1,"1633":1,"1634":1,"1635":0,"1637":1,"1640":1,"1641":0,"1644":1,"1645":0,"1646":0,"1648":0,"1651":1,"1652":0,"1653":0,"1655":0,"1658":1,"1659":0,"1660":0,"1662":0,"1665":1,"1669":1,"1676":1,"1683":1,"1686":1,"1688":1,"1689":1,"1690":1,"1693":1,"1694":0,"1695":0,"1696":0,"1697":0,"1698":0,"1699":0,"1700":0,"1701":0,"1705":0,"1706":0,"1707":0,"1708":0,"1709":0,"1710":0,"1715":1,"1716":0,"1717":0,"1718":0,"1720":0,"1723":1,"1724":0,"1725":0,"1726":0,"1727":0,"1728":0,"1732":1,"1733":0,"1734":0,"1738":1,"1742":1,"1749":1,"1751":1,"1752":1,"1756":1,"1757":0,"1760":1,"1761":0,"1762":0,"1763":0,"1764":0,"1765":0,"1770":1,"1771":0,"1772":0,"1773":0,"1774":0,"1775":0,"1780":1,"1781":0,"1782":0,"1783":0,"1785":0,"1786":0,"1788":0,"1791":1,"1792":0,"1793":0,"1794":0,"1796":0,"1797":0,"1799":0,"1802":1,"1803":0,"1804":0,"1805":0,"1807":0,"1808":0,"1810":0,"1811":0,"1813":0,"1816":1,"1817":0,"1820":1,"1824":1}},"/home/travis/build/npmtest/node-npmtest-eventric/node_modules/eventric/gulpfile.js":{"path":"/home/travis/build/npmtest/node-npmtest-eventric/node_modules/eventric/gulpfile.js","s":{"1":2,"2":0},"b":{},"f":{},"fnMap":{},"statementMap":{"1":{"start":{"line":1,"column":0},"end":{"line":1,"column":34}},"2":{"start":{"line":2,"column":0},"end":{"line":2,"column":29}}},"branchMap":{},"code":["require('coffee-script/register');","require('./gulpfile.coffee');",""],"l":{"1":2,"2":0}},"/home/travis/build/npmtest/node-npmtest-eventric/node_modules/eventric/karma.conf.js":{"path":"/home/travis/build/npmtest/node-npmtest-eventric/node_modules/eventric/karma.conf.js","s":{"1":2,"2":0},"b":{},"f":{},"fnMap":{},"statementMap":{"1":{"start":{"line":1,"column":0},"end":{"line":1,"column":34}},"2":{"start":{"line":2,"column":0},"end":{"line":2,"column":48}}},"branchMap":{},"code":["require('coffee-script/register');","module.exports = require('./karma.conf.coffee');",""],"l":{"1":2,"2":0}}}